[ 2019-05-18T17:30:22+08:00 ][ info ] [ BEHAVIOR ] Run Closure @app_init [ RunTime:0.000000s ]
[ info ] [ LOG ] INIT File
[ 2019-05-18T17:30:22+08:00 ][ info ] [ CACHE ] INIT File
[ 2019-05-18T17:30:22+08:00 ][ info ] [ BEHAVIOR ] Run Closure @app_init [ RunTime:0.007001s ]
[ 2019-05-18T17:30:46+08:00 ][ info ] [ BEHAVIOR ] Run Closure @app_init [ RunTime:0.000000s ]
[ info ] [ LOG ] INIT File
[ 2019-05-18T17:30:46+08:00 ][ info ] [ CACHE ] INIT File
[ 2019-05-18T17:30:46+08:00 ][ info ] [ BEHAVIOR ] Run Closure @app_init [ RunTime:0.060003s ]
[ 2019-05-18T17:30:46+08:00 ][ info ] [ DB ] INIT mysql
[ 2019-05-18T17:30:46+08:00 ][ sql ] [ DB ] CONNECT:[ UseTime:0.024001s ] mysql:host=127.0.0.1;dbname=robot;charset=utf8
[ 2019-05-18T17:30:46+08:00 ][ sql ] [ SQL ] SHOW TABLE STATUS LIKE 'lvimg' [ RunTime:0.003000s ]
[ 2019-05-18T17:30:46+08:00 ][ sql ] [ SQL ] SHOW TABLE STATUS LIKE 'fa_lvimg' [ RunTime:0.001000s ]
[ 2019-05-18T17:30:46+08:00 ][ sql ] [ SQL ] SELECT * FROM `information_schema`.`columns` WHERE TABLE_SCHEMA = 'robot' AND table_name = 'fa_lvimg' ORDER BY ORDINAL_POSITION [ RunTime:0.009000s ]
[ 2019-05-18T17:30:47+08:00 ][ info ] [ BEHAVIOR ] Run Closure @app_init [ RunTime:0.000000s ]
[ info ] [ LOG ] INIT File
[ 2019-05-18T17:30:47+08:00 ][ info ] [ CACHE ] INIT File
[ 2019-05-18T17:30:47+08:00 ][ info ] [ BEHAVIOR ] Run Closure @app_init [ RunTime:0.003001s ]
[ 2019-05-18T17:30:47+08:00 ][ info ] [ DB ] INIT mysql
[ 2019-05-18T17:30:47+08:00 ][ info ] [ DB ] INIT mysql
[ 2019-05-18T17:30:47+08:00 ][ info ] [ LANG ] C:\Users\Administrator\Desktop\project\robot\application\admin\lang/zh-cn.php
[ 2019-05-18T17:30:47+08:00 ][ sql ] [ DB ] CONNECT:[ UseTime:0.020001s ] mysql:host=127.0.0.1;dbname=robot;charset=utf8
[ 2019-05-18T17:30:47+08:00 ][ sql ] [ SQL ] SHOW COLUMNS FROM `fa_auth_rule` [ RunTime:0.010001s ]
[ 2019-05-18T17:30:47+08:00 ][ sql ] [ SQL ] SELECT * FROM `fa_auth_rule` WHERE  `name` = 'lvimg' LIMIT 1 [ RunTime:0.002000s ]
[ 2019-05-18T17:30:47+08:00 ][ sql ] [ SQL ] INSERT INTO `fa_auth_rule` (`pid` , `name` , `title` , `icon` , `remark` , `ismenu` , `status` , `createtime` , `updatetime`) VALUES (0 , 'lvimg' , '等级图片管理' , 'fa fa-circle-o' , '' , 1 , 'normal' , 1558171847 , 1558171847) [ RunTime:0.003000s ]
[ 2019-05-18T17:30:47+08:00 ][ sql ] [ SQL ] SELECT `id` FROM `fa_auth_rule` WHERE  `name` = 'lvimg/index' LIMIT 1 [ RunTime:0.001000s ]
[ 2019-05-18T17:30:47+08:00 ][ sql ] [ SQL ] SELECT `id` FROM `fa_auth_rule` WHERE  `name` = 'lvimg/add' LIMIT 1 [ RunTime:0.000000s ]
[ 2019-05-18T17:30:47+08:00 ][ sql ] [ SQL ] SELECT `id` FROM `fa_auth_rule` WHERE  `name` = 'lvimg/edit' LIMIT 1 [ RunTime:0.001000s ]
[ 2019-05-18T17:30:47+08:00 ][ sql ] [ SQL ] SELECT `id` FROM `fa_auth_rule` WHERE  `name` = 'lvimg/del' LIMIT 1 [ RunTime:0.000000s ]
[ 2019-05-18T17:30:47+08:00 ][ sql ] [ SQL ] SELECT `id` FROM `fa_auth_rule` WHERE  `name` = 'lvimg/multi' LIMIT 1 [ RunTime:0.000000s ]
[ 2019-05-18T17:30:47+08:00 ][ sql ] [ SQL ] INSERT INTO `fa_auth_rule` (`id` , `pid` , `name` , `icon` , `title` , `ismenu` , `status` , `createtime` , `updatetime`) VALUES (NULL , 85 , 'lvimg/index' , 'fa fa-circle-o' , '查看' , 0 , 'normal' , 1558171847 , 1558171847) [ RunTime:0.001000s ]
[ 2019-05-18T17:30:47+08:00 ][ sql ] [ SQL ] INSERT INTO `fa_auth_rule` (`id` , `pid` , `name` , `icon` , `title` , `ismenu` , `status` , `createtime` , `updatetime`) VALUES (NULL , 85 , 'lvimg/add' , 'fa fa-circle-o' , '添加' , 0 , 'normal' , 1558171847 , 1558171847) [ RunTime:0.000000s ]
[ 2019-05-18T17:30:47+08:00 ][ sql ] [ SQL ] INSERT INTO `fa_auth_rule` (`id` , `pid` , `name` , `icon` , `title` , `ismenu` , `status` , `createtime` , `updatetime`) VALUES (NULL , 85 , 'lvimg/edit' , 'fa fa-circle-o' , '编辑' , 0 , 'normal' , 1558171847 , 1558171847) [ RunTime:0.001000s ]
[ 2019-05-18T17:30:47+08:00 ][ sql ] [ SQL ] INSERT INTO `fa_auth_rule` (`id` , `pid` , `name` , `icon` , `title` , `ismenu` , `status` , `createtime` , `updatetime`) VALUES (NULL , 85 , 'lvimg/del' , 'fa fa-circle-o' , '删除' , 0 , 'normal' , 1558171847 , 1558171847) [ RunTime:0.000000s ]
[ 2019-05-18T17:30:47+08:00 ][ sql ] [ SQL ] INSERT INTO `fa_auth_rule` (`id` , `pid` , `name` , `icon` , `title` , `ismenu` , `status` , `createtime` , `updatetime`) VALUES (NULL , 85 , 'lvimg/multi' , 'fa fa-circle-o' , '批量更新' , 0 , 'normal' , 1558171847 , 1558171847) [ RunTime:0.001000s ]
[ 2019-05-18T17:33:42+08:00 ][ info ] [ BEHAVIOR ] Run Closure @app_init [ RunTime:0.000000s ]
[ info ] [ LOG ] INIT File
[ 2019-05-18T17:33:42+08:00 ][ info ] [ CACHE ] INIT File
[ 2019-05-18T17:33:42+08:00 ][ info ] [ BEHAVIOR ] Run Closure @app_init [ RunTime:0.004000s ]
[ 2019-05-18T17:33:53+08:00 ][ info ] [ BEHAVIOR ] Run Closure @app_init [ RunTime:0.000000s ]
[ info ] [ LOG ] INIT File
[ 2019-05-18T17:33:53+08:00 ][ info ] [ CACHE ] INIT File
[ 2019-05-18T17:33:53+08:00 ][ info ] [ BEHAVIOR ] Run Closure @app_init [ RunTime:0.005001s ]
[ 2019-05-18T17:33:53+08:00 ][ info ] [ DB ] INIT mysql
[ 2019-05-18T17:33:53+08:00 ][ sql ] [ DB ] CONNECT:[ UseTime:0.021001s ] mysql:host=127.0.0.1;dbname=robot;charset=utf8
[ 2019-05-18T17:33:53+08:00 ][ sql ] [ SQL ] SHOW TABLE STATUS LIKE 'lvimg' [ RunTime:0.001001s ]
[ 2019-05-18T17:33:53+08:00 ][ sql ] [ SQL ] SHOW TABLE STATUS LIKE 'fa_lvimg' [ RunTime:0.001000s ]
[ 2019-05-18T17:33:53+08:00 ][ sql ] [ SQL ] SELECT * FROM `information_schema`.`columns` WHERE TABLE_SCHEMA = 'robot' AND table_name = 'fa_lvimg' ORDER BY ORDINAL_POSITION [ RunTime:0.008000s ]
[ 2019-05-18T17:33:54+08:00 ][ info ] [ BEHAVIOR ] Run Closure @app_init [ RunTime:0.000000s ]
[ info ] [ LOG ] INIT File
[ 2019-05-18T17:33:54+08:00 ][ info ] [ CACHE ] INIT File
[ 2019-05-18T17:33:54+08:00 ][ info ] [ BEHAVIOR ] Run Closure @app_init [ RunTime:0.005000s ]
[ 2019-05-18T17:33:54+08:00 ][ info ] [ DB ] INIT mysql
[ 2019-05-18T17:33:54+08:00 ][ info ] [ DB ] INIT mysql
[ 2019-05-18T17:33:54+08:00 ][ info ] [ LANG ] C:\Users\Administrator\Desktop\project\robot\application\admin\lang/zh-cn.php
[ 2019-05-18T17:33:54+08:00 ][ sql ] [ DB ] CONNECT:[ UseTime:0.022001s ] mysql:host=127.0.0.1;dbname=robot;charset=utf8
[ 2019-05-18T17:33:54+08:00 ][ sql ] [ SQL ] SHOW COLUMNS FROM `fa_auth_rule` [ RunTime:0.009001s ]
[ 2019-05-18T17:33:54+08:00 ][ sql ] [ SQL ] SELECT * FROM `fa_auth_rule` WHERE  `name` = 'lvimg' LIMIT 1 [ RunTime:0.001000s ]
[ 2019-05-18T17:33:54+08:00 ][ sql ] [ SQL ] SELECT `id` FROM `fa_auth_rule` WHERE  `name` = 'lvimg/index' LIMIT 1 [ RunTime:0.000000s ]
[ 2019-05-18T17:33:54+08:00 ][ sql ] [ SQL ] SELECT `id` FROM `fa_auth_rule` WHERE  `name` = 'lvimg/add' LIMIT 1 [ RunTime:0.001000s ]
[ 2019-05-18T17:33:54+08:00 ][ sql ] [ SQL ] SELECT `id` FROM `fa_auth_rule` WHERE  `name` = 'lvimg/edit' LIMIT 1 [ RunTime:0.000000s ]
[ 2019-05-18T17:33:54+08:00 ][ sql ] [ SQL ] SELECT `id` FROM `fa_auth_rule` WHERE  `name` = 'lvimg/del' LIMIT 1 [ RunTime:0.001000s ]
[ 2019-05-18T17:33:54+08:00 ][ sql ] [ SQL ] SELECT `id` FROM `fa_auth_rule` WHERE  `name` = 'lvimg/multi' LIMIT 1 [ RunTime:0.000000s ]
[ 2019-05-18T17:33:54+08:00 ][ sql ] [ SQL ] UPDATE `fa_auth_rule`  SET `pid`=85,`name`='lvimg/index',`icon`='fa fa-circle-o',`title`='查看',`ismenu`=0,`status`='normal',`updatetime`=1558172034  WHERE  `id` = 86 [ RunTime:0.002000s ]
[ 2019-05-18T17:33:54+08:00 ][ sql ] [ SQL ] UPDATE `fa_auth_rule`  SET `pid`=85,`name`='lvimg/add',`icon`='fa fa-circle-o',`title`='添加',`ismenu`=0,`status`='normal',`updatetime`=1558172034  WHERE  `id` = 87 [ RunTime:0.000000s ]
[ 2019-05-18T17:33:54+08:00 ][ sql ] [ SQL ] UPDATE `fa_auth_rule`  SET `pid`=85,`name`='lvimg/edit',`icon`='fa fa-circle-o',`title`='编辑',`ismenu`=0,`status`='normal',`updatetime`=1558172034  WHERE  `id` = 88 [ RunTime:0.000000s ]
[ 2019-05-18T17:33:54+08:00 ][ sql ] [ SQL ] UPDATE `fa_auth_rule`  SET `pid`=85,`name`='lvimg/del',`icon`='fa fa-circle-o',`title`='删除',`ismenu`=0,`status`='normal',`updatetime`=1558172034  WHERE  `id` = 89 [ RunTime:0.001000s ]
[ 2019-05-18T17:33:54+08:00 ][ sql ] [ SQL ] UPDATE `fa_auth_rule`  SET `pid`=85,`name`='lvimg/multi',`icon`='fa fa-circle-o',`title`='批量更新',`ismenu`=0,`status`='normal',`updatetime`=1558172034  WHERE  `id` = 90 [ RunTime:0.000000s ]
