[ 2019-05-20T11:19:57+08:00 ][ info ] [ BEHAVIOR ] Run Closure @app_init [ RunTime:0.000000s ]
[ info ] [ LOG ] INIT File
[ 2019-05-20T11:19:57+08:00 ][ info ] [ CACHE ] INIT File
[ 2019-05-20T11:19:57+08:00 ][ info ] [ BEHAVIOR ] Run Closure @app_init [ RunTime:0.004000s ]
[ 2019-05-20T11:19:57+08:00 ][ info ] [ DB ] INIT mysql
[ 2019-05-20T11:19:57+08:00 ][ sql ] [ DB ] CONNECT:[ UseTime:0.014001s ] mysql:host=127.0.0.1;dbname=robot;charset=utf8
[ 2019-05-20T11:19:57+08:00 ][ sql ] [ SQL ] SHOW TABLE STATUS LIKE 'card' [ RunTime:0.002000s ]
[ 2019-05-20T11:19:57+08:00 ][ sql ] [ SQL ] SHOW TABLE STATUS LIKE 'fa_card' [ RunTime:0.004001s ]
[ 2019-05-20T11:19:57+08:00 ][ sql ] [ SQL ] SELECT * FROM `information_schema`.`columns` WHERE TABLE_SCHEMA = 'robot' AND table_name = 'fa_card' ORDER BY ORDINAL_POSITION [ RunTime:0.010001s ]
[ 2019-05-20T11:19:57+08:00 ][ info ] [ BEHAVIOR ] Run Closure @app_init [ RunTime:0.000000s ]
[ info ] [ LOG ] INIT File
[ 2019-05-20T11:19:57+08:00 ][ info ] [ CACHE ] INIT File
[ 2019-05-20T11:19:57+08:00 ][ info ] [ BEHAVIOR ] Run Closure @app_init [ RunTime:0.004000s ]
[ 2019-05-20T11:19:57+08:00 ][ info ] [ DB ] INIT mysql
[ 2019-05-20T11:19:57+08:00 ][ info ] [ DB ] INIT mysql
[ 2019-05-20T11:19:57+08:00 ][ info ] [ LANG ] C:\Users\Administrator\Desktop\project\robot\application\admin\lang/zh-cn.php
[ 2019-05-20T11:19:57+08:00 ][ sql ] [ DB ] CONNECT:[ UseTime:0.022001s ] mysql:host=127.0.0.1;dbname=robot;charset=utf8
[ 2019-05-20T11:19:57+08:00 ][ sql ] [ SQL ] SHOW COLUMNS FROM `fa_auth_rule` [ RunTime:0.008001s ]
[ 2019-05-20T11:19:57+08:00 ][ sql ] [ SQL ] SELECT * FROM `fa_auth_rule` WHERE  `name` = 'card' LIMIT 1 [ RunTime:0.000000s ]
[ 2019-05-20T11:19:57+08:00 ][ sql ] [ SQL ] INSERT INTO `fa_auth_rule` (`pid` , `name` , `title` , `icon` , `remark` , `ismenu` , `status` , `createtime` , `updatetime`) VALUES (0 , 'card' , '激活卡管理' , 'fa fa-circle-o' , '' , 1 , 'normal' , 1558322397 , 1558322397) [ RunTime:0.006000s ]
[ 2019-05-20T11:19:57+08:00 ][ sql ] [ SQL ] SELECT `id` FROM `fa_auth_rule` WHERE  `name` = 'card/index' LIMIT 1 [ RunTime:0.000000s ]
[ 2019-05-20T11:19:57+08:00 ][ sql ] [ SQL ] SELECT `id` FROM `fa_auth_rule` WHERE  `name` = 'card/add' LIMIT 1 [ RunTime:0.001000s ]
[ 2019-05-20T11:19:57+08:00 ][ sql ] [ SQL ] SELECT `id` FROM `fa_auth_rule` WHERE  `name` = 'card/edit' LIMIT 1 [ RunTime:0.001000s ]
[ 2019-05-20T11:19:57+08:00 ][ sql ] [ SQL ] SELECT `id` FROM `fa_auth_rule` WHERE  `name` = 'card/del' LIMIT 1 [ RunTime:0.000000s ]
[ 2019-05-20T11:19:57+08:00 ][ sql ] [ SQL ] SELECT `id` FROM `fa_auth_rule` WHERE  `name` = 'card/multi' LIMIT 1 [ RunTime:0.000000s ]
[ 2019-05-20T11:19:57+08:00 ][ sql ] [ SQL ] INSERT INTO `fa_auth_rule` (`id` , `pid` , `name` , `icon` , `title` , `ismenu` , `status` , `createtime` , `updatetime`) VALUES (NULL , 91 , 'card/index' , 'fa fa-circle-o' , '查看' , 0 , 'normal' , 1558322397 , 1558322397) [ RunTime:0.001000s ]
[ 2019-05-20T11:19:57+08:00 ][ sql ] [ SQL ] INSERT INTO `fa_auth_rule` (`id` , `pid` , `name` , `icon` , `title` , `ismenu` , `status` , `createtime` , `updatetime`) VALUES (NULL , 91 , 'card/add' , 'fa fa-circle-o' , '添加' , 0 , 'normal' , 1558322397 , 1558322397) [ RunTime:0.001000s ]
[ 2019-05-20T11:19:57+08:00 ][ sql ] [ SQL ] INSERT INTO `fa_auth_rule` (`id` , `pid` , `name` , `icon` , `title` , `ismenu` , `status` , `createtime` , `updatetime`) VALUES (NULL , 91 , 'card/edit' , 'fa fa-circle-o' , '编辑' , 0 , 'normal' , 1558322397 , 1558322397) [ RunTime:0.001000s ]
[ 2019-05-20T11:19:57+08:00 ][ sql ] [ SQL ] INSERT INTO `fa_auth_rule` (`id` , `pid` , `name` , `icon` , `title` , `ismenu` , `status` , `createtime` , `updatetime`) VALUES (NULL , 91 , 'card/del' , 'fa fa-circle-o' , '删除' , 0 , 'normal' , 1558322397 , 1558322397) [ RunTime:0.000000s ]
[ 2019-05-20T11:19:57+08:00 ][ sql ] [ SQL ] INSERT INTO `fa_auth_rule` (`id` , `pid` , `name` , `icon` , `title` , `ismenu` , `status` , `createtime` , `updatetime`) VALUES (NULL , 91 , 'card/multi' , 'fa fa-circle-o' , '批量更新' , 0 , 'normal' , 1558322397 , 1558322397) [ RunTime:0.001000s ]
[ 2019-05-20T11:40:49+08:00 ][ info ] [ BEHAVIOR ] Run Closure @app_init [ RunTime:0.000000s ]
[ info ] [ LOG ] INIT File
[ 2019-05-20T11:40:49+08:00 ][ info ] [ CACHE ] INIT File
[ 2019-05-20T11:40:49+08:00 ][ info ] [ BEHAVIOR ] Run Closure @app_init [ RunTime:0.004000s ]
[ 2019-05-20T11:40:49+08:00 ][ info ] [ DB ] INIT mysql
[ 2019-05-20T11:40:49+08:00 ][ sql ] [ DB ] CONNECT:[ UseTime:0.017001s ] mysql:host=127.0.0.1;dbname=robot;charset=utf8
[ 2019-05-20T11:40:49+08:00 ][ sql ] [ SQL ] SHOW TABLE STATUS LIKE 'card' [ RunTime:0.001000s ]
[ 2019-05-20T11:40:49+08:00 ][ sql ] [ SQL ] SHOW TABLE STATUS LIKE 'fa_card' [ RunTime:0.001000s ]
[ 2019-05-20T11:40:49+08:00 ][ sql ] [ SQL ] SELECT * FROM `information_schema`.`columns` WHERE TABLE_SCHEMA = 'robot' AND table_name = 'fa_card' ORDER BY ORDINAL_POSITION [ RunTime:0.009001s ]
[ 2019-05-20T11:40:49+08:00 ][ info ] [ BEHAVIOR ] Run Closure @app_init [ RunTime:0.000000s ]
[ info ] [ LOG ] INIT File
[ 2019-05-20T11:40:49+08:00 ][ info ] [ CACHE ] INIT File
[ 2019-05-20T11:40:49+08:00 ][ info ] [ BEHAVIOR ] Run Closure @app_init [ RunTime:0.004000s ]
[ 2019-05-20T11:40:49+08:00 ][ info ] [ DB ] INIT mysql
[ 2019-05-20T11:40:49+08:00 ][ info ] [ DB ] INIT mysql
[ 2019-05-20T11:40:49+08:00 ][ info ] [ LANG ] C:\Users\Administrator\Desktop\project\robot\application\admin\lang/zh-cn.php
[ 2019-05-20T11:40:49+08:00 ][ sql ] [ DB ] CONNECT:[ UseTime:0.013000s ] mysql:host=127.0.0.1;dbname=robot;charset=utf8
[ 2019-05-20T11:40:49+08:00 ][ sql ] [ SQL ] SHOW COLUMNS FROM `fa_auth_rule` [ RunTime:0.008001s ]
[ 2019-05-20T11:40:49+08:00 ][ sql ] [ SQL ] SELECT * FROM `fa_auth_rule` WHERE  `name` = 'card' LIMIT 1 [ RunTime:0.001000s ]
[ 2019-05-20T11:40:49+08:00 ][ sql ] [ SQL ] SELECT `id` FROM `fa_auth_rule` WHERE  `name` = 'card/index' LIMIT 1 [ RunTime:0.000000s ]
[ 2019-05-20T11:40:49+08:00 ][ sql ] [ SQL ] SELECT `id` FROM `fa_auth_rule` WHERE  `name` = 'card/add' LIMIT 1 [ RunTime:0.001000s ]
[ 2019-05-20T11:40:49+08:00 ][ sql ] [ SQL ] SELECT `id` FROM `fa_auth_rule` WHERE  `name` = 'card/edit' LIMIT 1 [ RunTime:0.000000s ]
[ 2019-05-20T11:40:49+08:00 ][ sql ] [ SQL ] SELECT `id` FROM `fa_auth_rule` WHERE  `name` = 'card/del' LIMIT 1 [ RunTime:0.001000s ]
[ 2019-05-20T11:40:49+08:00 ][ sql ] [ SQL ] SELECT `id` FROM `fa_auth_rule` WHERE  `name` = 'card/multi' LIMIT 1 [ RunTime:0.001000s ]
[ 2019-05-20T11:40:49+08:00 ][ sql ] [ SQL ] UPDATE `fa_auth_rule`  SET `pid`=91,`name`='card/index',`icon`='fa fa-circle-o',`title`='查看',`ismenu`=0,`status`='normal',`updatetime`=1558323649  WHERE  `id` = 92 [ RunTime:0.010001s ]
[ 2019-05-20T11:40:49+08:00 ][ sql ] [ SQL ] UPDATE `fa_auth_rule`  SET `pid`=91,`name`='card/add',`icon`='fa fa-circle-o',`title`='添加',`ismenu`=0,`status`='normal',`updatetime`=1558323649  WHERE  `id` = 93 [ RunTime:0.000000s ]
[ 2019-05-20T11:40:49+08:00 ][ sql ] [ SQL ] UPDATE `fa_auth_rule`  SET `pid`=91,`name`='card/edit',`icon`='fa fa-circle-o',`title`='编辑',`ismenu`=0,`status`='normal',`updatetime`=1558323649  WHERE  `id` = 94 [ RunTime:0.000000s ]
[ 2019-05-20T11:40:49+08:00 ][ sql ] [ SQL ] UPDATE `fa_auth_rule`  SET `pid`=91,`name`='card/del',`icon`='fa fa-circle-o',`title`='删除',`ismenu`=0,`status`='normal',`updatetime`=1558323649  WHERE  `id` = 95 [ RunTime:0.001000s ]
[ 2019-05-20T11:40:49+08:00 ][ sql ] [ SQL ] UPDATE `fa_auth_rule`  SET `pid`=91,`name`='card/multi',`icon`='fa fa-circle-o',`title`='批量更新',`ismenu`=0,`status`='normal',`updatetime`=1558323649  WHERE  `id` = 96 [ RunTime:0.001000s ]
[ 2019-05-20T11:58:33+08:00 ][ info ] [ BEHAVIOR ] Run Closure @app_init [ RunTime:0.000000s ]
[ info ] [ LOG ] INIT File
[ 2019-05-20T11:58:33+08:00 ][ info ] [ CACHE ] INIT File
[ 2019-05-20T11:58:33+08:00 ][ info ] [ BEHAVIOR ] Run Closure @app_init [ RunTime:0.007000s ]
[ 2019-05-20T11:58:33+08:00 ][ info ] [ DB ] INIT mysql
[ 2019-05-20T11:58:33+08:00 ][ sql ] [ DB ] CONNECT:[ UseTime:0.018001s ] mysql:host=127.0.0.1;dbname=robot;charset=utf8
[ 2019-05-20T11:58:33+08:00 ][ sql ] [ SQL ] SHOW TABLE STATUS LIKE 'card' [ RunTime:0.001000s ]
[ 2019-05-20T11:58:33+08:00 ][ sql ] [ SQL ] SHOW TABLE STATUS LIKE 'fa_card' [ RunTime:0.002000s ]
[ 2019-05-20T11:58:33+08:00 ][ sql ] [ SQL ] SELECT * FROM `information_schema`.`columns` WHERE TABLE_SCHEMA = 'robot' AND table_name = 'fa_card' ORDER BY ORDINAL_POSITION [ RunTime:0.013001s ]
[ 2019-05-20T11:58:33+08:00 ][ info ] [ BEHAVIOR ] Run Closure @app_init [ RunTime:0.001000s ]
[ info ] [ LOG ] INIT File
[ 2019-05-20T11:58:33+08:00 ][ info ] [ CACHE ] INIT File
[ 2019-05-20T11:58:33+08:00 ][ info ] [ BEHAVIOR ] Run Closure @app_init [ RunTime:0.005000s ]
[ 2019-05-20T11:58:33+08:00 ][ info ] [ DB ] INIT mysql
[ 2019-05-20T11:58:33+08:00 ][ info ] [ DB ] INIT mysql
[ 2019-05-20T11:58:33+08:00 ][ info ] [ LANG ] C:\Users\Administrator\Desktop\project\robot\application\admin\lang/zh-cn.php
[ 2019-05-20T11:58:34+08:00 ][ sql ] [ DB ] CONNECT:[ UseTime:0.029001s ] mysql:host=127.0.0.1;dbname=robot;charset=utf8
[ 2019-05-20T11:58:34+08:00 ][ sql ] [ SQL ] SHOW COLUMNS FROM `fa_auth_rule` [ RunTime:0.011001s ]
[ 2019-05-20T11:58:34+08:00 ][ sql ] [ SQL ] SELECT * FROM `fa_auth_rule` WHERE  `name` = 'card' LIMIT 1 [ RunTime:0.001000s ]
[ 2019-05-20T11:58:34+08:00 ][ sql ] [ SQL ] SELECT `id` FROM `fa_auth_rule` WHERE  `name` = 'card/index' LIMIT 1 [ RunTime:0.001000s ]
[ 2019-05-20T11:58:34+08:00 ][ sql ] [ SQL ] SELECT `id` FROM `fa_auth_rule` WHERE  `name` = 'card/add' LIMIT 1 [ RunTime:0.000000s ]
[ 2019-05-20T11:58:34+08:00 ][ sql ] [ SQL ] SELECT `id` FROM `fa_auth_rule` WHERE  `name` = 'card/edit' LIMIT 1 [ RunTime:0.001001s ]
[ 2019-05-20T11:58:34+08:00 ][ sql ] [ SQL ] SELECT `id` FROM `fa_auth_rule` WHERE  `name` = 'card/del' LIMIT 1 [ RunTime:0.001000s ]
[ 2019-05-20T11:58:34+08:00 ][ sql ] [ SQL ] SELECT `id` FROM `fa_auth_rule` WHERE  `name` = 'card/multi' LIMIT 1 [ RunTime:0.001000s ]
[ 2019-05-20T11:58:34+08:00 ][ sql ] [ SQL ] UPDATE `fa_auth_rule`  SET `pid`=91,`name`='card/index',`icon`='fa fa-circle-o',`title`='查看',`ismenu`=0,`status`='normal',`updatetime`=1558324714  WHERE  `id` = 92 [ RunTime:0.002000s ]
[ 2019-05-20T11:58:34+08:00 ][ sql ] [ SQL ] UPDATE `fa_auth_rule`  SET `pid`=91,`name`='card/add',`icon`='fa fa-circle-o',`title`='添加',`ismenu`=0,`status`='normal',`updatetime`=1558324714  WHERE  `id` = 93 [ RunTime:0.001000s ]
[ 2019-05-20T11:58:34+08:00 ][ sql ] [ SQL ] UPDATE `fa_auth_rule`  SET `pid`=91,`name`='card/edit',`icon`='fa fa-circle-o',`title`='编辑',`ismenu`=0,`status`='normal',`updatetime`=1558324714  WHERE  `id` = 94 [ RunTime:0.000000s ]
[ 2019-05-20T11:58:34+08:00 ][ sql ] [ SQL ] UPDATE `fa_auth_rule`  SET `pid`=91,`name`='card/del',`icon`='fa fa-circle-o',`title`='删除',`ismenu`=0,`status`='normal',`updatetime`=1558324714  WHERE  `id` = 95 [ RunTime:0.001000s ]
[ 2019-05-20T11:58:34+08:00 ][ sql ] [ SQL ] UPDATE `fa_auth_rule`  SET `pid`=91,`name`='card/multi',`icon`='fa fa-circle-o',`title`='批量更新',`ismenu`=0,`status`='normal',`updatetime`=1558324714  WHERE  `id` = 96 [ RunTime:0.001001s ]
[ 2019-05-20T13:55:44+08:00 ][ info ] [ BEHAVIOR ] Run Closure @app_init [ RunTime:0.000128s ]
[ info ] [ LOG ] INIT File
[ 2019-05-20T13:55:44+08:00 ][ info ] [ CACHE ] INIT File
[ 2019-05-20T13:55:44+08:00 ][ info ] [ BEHAVIOR ] Run Closure @app_init [ RunTime:0.001398s ]
[ 2019-05-20T13:55:44+08:00 ][ info ] [ DB ] INIT mysql
[ 2019-05-20T13:55:44+08:00 ][ sql ] [ DB ] CONNECT:[ UseTime:0.000540s ] mysql:host=127.0.0.1;dbname=robot;charset=utf8
[ 2019-05-20T13:55:44+08:00 ][ sql ] [ SQL ] SHOW TABLE STATUS LIKE 'card' [ RunTime:0.000456s ]
[ 2019-05-20T13:55:44+08:00 ][ sql ] [ SQL ] SHOW TABLE STATUS LIKE 'fa_card' [ RunTime:0.000385s ]
[ 2019-05-20T13:55:44+08:00 ][ sql ] [ SQL ] SELECT * FROM `information_schema`.`columns` WHERE TABLE_SCHEMA = 'robot' AND table_name = 'fa_card' ORDER BY ORDINAL_POSITION [ RunTime:0.000747s ]
[ 2019-05-20T13:56:11+08:00 ][ info ] [ BEHAVIOR ] Run Closure @app_init [ RunTime:0.000129s ]
[ info ] [ LOG ] INIT File
[ 2019-05-20T13:56:11+08:00 ][ info ] [ CACHE ] INIT File
[ 2019-05-20T13:56:11+08:00 ][ info ] [ BEHAVIOR ] Run Closure @app_init [ RunTime:0.001341s ]
[ 2019-05-20T13:56:11+08:00 ][ info ] [ DB ] INIT mysql
[ 2019-05-20T13:56:11+08:00 ][ sql ] [ DB ] CONNECT:[ UseTime:0.000362s ] mysql:host=127.0.0.1;dbname=robot;charset=utf8
[ 2019-05-20T13:56:11+08:00 ][ sql ] [ SQL ] SHOW TABLE STATUS LIKE 'card' [ RunTime:0.000393s ]
[ 2019-05-20T13:56:11+08:00 ][ sql ] [ SQL ] SHOW TABLE STATUS LIKE 'fa_card' [ RunTime:0.000327s ]
[ 2019-05-20T13:56:11+08:00 ][ sql ] [ SQL ] SELECT * FROM `information_schema`.`columns` WHERE TABLE_SCHEMA = 'robot' AND table_name = 'fa_card' ORDER BY ORDINAL_POSITION [ RunTime:0.000752s ]
[ 2019-05-20T13:56:11+08:00 ][ info ] [ BEHAVIOR ] Run Closure @app_init [ RunTime:0.000111s ]
[ info ] [ LOG ] INIT File
[ 2019-05-20T13:56:11+08:00 ][ info ] [ CACHE ] INIT File
[ 2019-05-20T13:56:11+08:00 ][ info ] [ BEHAVIOR ] Run Closure @app_init [ RunTime:0.001025s ]
[ 2019-05-20T13:56:11+08:00 ][ info ] [ DB ] INIT mysql
[ 2019-05-20T13:56:11+08:00 ][ info ] [ DB ] INIT mysql
[ 2019-05-20T13:56:11+08:00 ][ info ] [ LANG ] /www/wwwroot/robot/application/admin/lang/zh-cn.php
[ 2019-05-20T13:56:11+08:00 ][ sql ] [ DB ] CONNECT:[ UseTime:0.000338s ] mysql:host=127.0.0.1;dbname=robot;charset=utf8
[ 2019-05-20T13:56:11+08:00 ][ sql ] [ SQL ] SHOW COLUMNS FROM `fa_auth_rule` [ RunTime:0.000637s ]
[ 2019-05-20T13:56:11+08:00 ][ sql ] [ SQL ] SELECT * FROM `fa_auth_rule` WHERE  `name` = 'card' LIMIT 1 [ RunTime:0.000314s ]
[ 2019-05-20T13:56:11+08:00 ][ sql ] [ SQL ] SELECT `id` FROM `fa_auth_rule` WHERE  `name` = 'card/index' LIMIT 1 [ RunTime:0.000188s ]
[ 2019-05-20T13:56:11+08:00 ][ sql ] [ SQL ] SELECT `id` FROM `fa_auth_rule` WHERE  `name` = 'card/add' LIMIT 1 [ RunTime:0.000179s ]
[ 2019-05-20T13:56:11+08:00 ][ sql ] [ SQL ] SELECT `id` FROM `fa_auth_rule` WHERE  `name` = 'card/edit' LIMIT 1 [ RunTime:0.000182s ]
[ 2019-05-20T13:56:11+08:00 ][ sql ] [ SQL ] SELECT `id` FROM `fa_auth_rule` WHERE  `name` = 'card/del' LIMIT 1 [ RunTime:0.000161s ]
[ 2019-05-20T13:56:11+08:00 ][ sql ] [ SQL ] SELECT `id` FROM `fa_auth_rule` WHERE  `name` = 'card/multi' LIMIT 1 [ RunTime:0.000158s ]
[ 2019-05-20T13:56:11+08:00 ][ sql ] [ SQL ] UPDATE `fa_auth_rule`  SET `pid`=91,`name`='card/index',`icon`='fa fa-circle-o',`title`='查看',`ismenu`=0,`status`='normal',`updatetime`=1558331771  WHERE  `id` = 92 [ RunTime:0.000281s ]
[ 2019-05-20T13:56:11+08:00 ][ sql ] [ SQL ] UPDATE `fa_auth_rule`  SET `pid`=91,`name`='card/add',`icon`='fa fa-circle-o',`title`='添加',`ismenu`=0,`status`='normal',`updatetime`=1558331771  WHERE  `id` = 93 [ RunTime:0.000200s ]
[ 2019-05-20T13:56:11+08:00 ][ sql ] [ SQL ] UPDATE `fa_auth_rule`  SET `pid`=91,`name`='card/edit',`icon`='fa fa-circle-o',`title`='编辑',`ismenu`=0,`status`='normal',`updatetime`=1558331771  WHERE  `id` = 94 [ RunTime:0.000204s ]
[ 2019-05-20T13:56:11+08:00 ][ sql ] [ SQL ] UPDATE `fa_auth_rule`  SET `pid`=91,`name`='card/del',`icon`='fa fa-circle-o',`title`='删除',`ismenu`=0,`status`='normal',`updatetime`=1558331771  WHERE  `id` = 95 [ RunTime:0.000187s ]
[ 2019-05-20T13:56:11+08:00 ][ sql ] [ SQL ] UPDATE `fa_auth_rule`  SET `pid`=91,`name`='card/multi',`icon`='fa fa-circle-o',`title`='批量更新',`ismenu`=0,`status`='normal',`updatetime`=1558331771  WHERE  `id` = 96 [ RunTime:0.000203s ]
[ 2019-05-20T14:11:29+08:00 ][ info ] [ BEHAVIOR ] Run Closure @app_init [ RunTime:0.000129s ]
[ info ] [ LOG ] INIT File
[ 2019-05-20T14:11:29+08:00 ][ info ] [ CACHE ] INIT File
[ 2019-05-20T14:11:29+08:00 ][ info ] [ BEHAVIOR ] Run Closure @app_init [ RunTime:0.001400s ]
[ 2019-05-20T14:11:29+08:00 ][ info ] [ DB ] INIT mysql
[ 2019-05-20T14:11:29+08:00 ][ sql ] [ DB ] CONNECT:[ UseTime:0.000562s ] mysql:host=127.0.0.1;dbname=robot;charset=utf8
[ 2019-05-20T14:11:29+08:00 ][ sql ] [ SQL ] SHOW TABLE STATUS LIKE 'lvimg' [ RunTime:0.000445s ]
[ 2019-05-20T14:11:29+08:00 ][ sql ] [ SQL ] SHOW TABLE STATUS LIKE 'fa_lvimg' [ RunTime:0.000381s ]
[ 2019-05-20T14:11:29+08:00 ][ sql ] [ SQL ] SELECT * FROM `information_schema`.`columns` WHERE TABLE_SCHEMA = 'robot' AND table_name = 'fa_lvimg' ORDER BY ORDINAL_POSITION [ RunTime:0.000727s ]
[ 2019-05-20T14:11:29+08:00 ][ info ] [ BEHAVIOR ] Run Closure @app_init [ RunTime:0.000106s ]
[ info ] [ LOG ] INIT File
[ 2019-05-20T14:11:29+08:00 ][ info ] [ CACHE ] INIT File
[ 2019-05-20T14:11:29+08:00 ][ info ] [ BEHAVIOR ] Run Closure @app_init [ RunTime:0.001294s ]
[ 2019-05-20T14:11:29+08:00 ][ info ] [ DB ] INIT mysql
[ 2019-05-20T14:11:29+08:00 ][ info ] [ DB ] INIT mysql
[ 2019-05-20T14:11:29+08:00 ][ info ] [ LANG ] /www/wwwroot/robot/application/admin/lang/zh-cn.php
[ 2019-05-20T14:11:29+08:00 ][ sql ] [ DB ] CONNECT:[ UseTime:0.000508s ] mysql:host=127.0.0.1;dbname=robot;charset=utf8
[ 2019-05-20T14:11:29+08:00 ][ sql ] [ SQL ] SHOW COLUMNS FROM `fa_auth_rule` [ RunTime:0.000692s ]
[ 2019-05-20T14:11:29+08:00 ][ sql ] [ SQL ] SELECT * FROM `fa_auth_rule` WHERE  `name` = 'lvimg' LIMIT 1 [ RunTime:0.000341s ]
[ 2019-05-20T14:11:29+08:00 ][ sql ] [ SQL ] SELECT `id` FROM `fa_auth_rule` WHERE  `name` = 'lvimg/index' LIMIT 1 [ RunTime:0.000199s ]
[ 2019-05-20T14:11:29+08:00 ][ sql ] [ SQL ] SELECT `id` FROM `fa_auth_rule` WHERE  `name` = 'lvimg/add' LIMIT 1 [ RunTime:0.000174s ]
[ 2019-05-20T14:11:29+08:00 ][ sql ] [ SQL ] SELECT `id` FROM `fa_auth_rule` WHERE  `name` = 'lvimg/edit' LIMIT 1 [ RunTime:0.000170s ]
[ 2019-05-20T14:11:29+08:00 ][ sql ] [ SQL ] SELECT `id` FROM `fa_auth_rule` WHERE  `name` = 'lvimg/del' LIMIT 1 [ RunTime:0.000189s ]
[ 2019-05-20T14:11:29+08:00 ][ sql ] [ SQL ] SELECT `id` FROM `fa_auth_rule` WHERE  `name` = 'lvimg/multi' LIMIT 1 [ RunTime:0.000166s ]
[ 2019-05-20T14:11:29+08:00 ][ sql ] [ SQL ] UPDATE `fa_auth_rule`  SET `pid`=85,`name`='lvimg/index',`icon`='fa fa-circle-o',`title`='查看',`ismenu`=0,`status`='normal',`updatetime`=1558332689  WHERE  `id` = 86 [ RunTime:0.000431s ]
[ 2019-05-20T14:11:29+08:00 ][ sql ] [ SQL ] UPDATE `fa_auth_rule`  SET `pid`=85,`name`='lvimg/add',`icon`='fa fa-circle-o',`title`='添加',`ismenu`=0,`status`='normal',`updatetime`=1558332689  WHERE  `id` = 87 [ RunTime:0.000206s ]
[ 2019-05-20T14:11:29+08:00 ][ sql ] [ SQL ] UPDATE `fa_auth_rule`  SET `pid`=85,`name`='lvimg/edit',`icon`='fa fa-circle-o',`title`='编辑',`ismenu`=0,`status`='normal',`updatetime`=1558332689  WHERE  `id` = 88 [ RunTime:0.000419s ]
[ 2019-05-20T14:11:29+08:00 ][ sql ] [ SQL ] UPDATE `fa_auth_rule`  SET `pid`=85,`name`='lvimg/del',`icon`='fa fa-circle-o',`title`='删除',`ismenu`=0,`status`='normal',`updatetime`=1558332689  WHERE  `id` = 89 [ RunTime:0.000264s ]
[ 2019-05-20T14:11:29+08:00 ][ sql ] [ SQL ] UPDATE `fa_auth_rule`  SET `pid`=85,`name`='lvimg/multi',`icon`='fa fa-circle-o',`title`='批量更新',`ismenu`=0,`status`='normal',`updatetime`=1558332689  WHERE  `id` = 90 [ RunTime:0.000242s ]
[ 2019-05-20T14:14:04+08:00 ][ info ] [ BEHAVIOR ] Run Closure @app_init [ RunTime:0.000126s ]
[ info ] [ LOG ] INIT File
[ 2019-05-20T14:14:04+08:00 ][ info ] [ CACHE ] INIT File
[ 2019-05-20T14:14:04+08:00 ][ info ] [ BEHAVIOR ] Run Closure @app_init [ RunTime:0.001332s ]
[ 2019-05-20T14:14:04+08:00 ][ info ] [ DB ] INIT mysql
[ 2019-05-20T14:14:04+08:00 ][ sql ] [ DB ] CONNECT:[ UseTime:0.000538s ] mysql:host=127.0.0.1;dbname=robot;charset=utf8
[ 2019-05-20T14:14:04+08:00 ][ sql ] [ SQL ] SHOW TABLE STATUS LIKE 'card' [ RunTime:0.000453s ]
[ 2019-05-20T14:14:04+08:00 ][ sql ] [ SQL ] SHOW TABLE STATUS LIKE 'fa_card' [ RunTime:0.000357s ]
[ 2019-05-20T14:14:04+08:00 ][ sql ] [ SQL ] SELECT * FROM `information_schema`.`columns` WHERE TABLE_SCHEMA = 'robot' AND table_name = 'fa_card' ORDER BY ORDINAL_POSITION [ RunTime:0.000736s ]
[ 2019-05-20T14:14:04+08:00 ][ info ] [ BEHAVIOR ] Run Closure @app_init [ RunTime:0.000102s ]
[ info ] [ LOG ] INIT File
[ 2019-05-20T14:14:04+08:00 ][ info ] [ CACHE ] INIT File
[ 2019-05-20T14:14:04+08:00 ][ info ] [ BEHAVIOR ] Run Closure @app_init [ RunTime:0.001267s ]
[ 2019-05-20T14:14:04+08:00 ][ info ] [ DB ] INIT mysql
[ 2019-05-20T14:14:04+08:00 ][ info ] [ DB ] INIT mysql
[ 2019-05-20T14:14:04+08:00 ][ info ] [ LANG ] /www/wwwroot/robot/application/admin/lang/zh-cn.php
[ 2019-05-20T14:14:04+08:00 ][ sql ] [ DB ] CONNECT:[ UseTime:0.000478s ] mysql:host=127.0.0.1;dbname=robot;charset=utf8
[ 2019-05-20T14:14:04+08:00 ][ sql ] [ SQL ] SHOW COLUMNS FROM `fa_auth_rule` [ RunTime:0.000703s ]
[ 2019-05-20T14:14:04+08:00 ][ sql ] [ SQL ] SELECT * FROM `fa_auth_rule` WHERE  `name` = 'card' LIMIT 1 [ RunTime:0.000347s ]
[ 2019-05-20T14:14:04+08:00 ][ sql ] [ SQL ] SELECT `id` FROM `fa_auth_rule` WHERE  `name` = 'card/index' LIMIT 1 [ RunTime:0.000191s ]
[ 2019-05-20T14:14:04+08:00 ][ sql ] [ SQL ] SELECT `id` FROM `fa_auth_rule` WHERE  `name` = 'card/add' LIMIT 1 [ RunTime:0.000188s ]
[ 2019-05-20T14:14:04+08:00 ][ sql ] [ SQL ] SELECT `id` FROM `fa_auth_rule` WHERE  `name` = 'card/edit' LIMIT 1 [ RunTime:0.000168s ]
[ 2019-05-20T14:14:04+08:00 ][ sql ] [ SQL ] SELECT `id` FROM `fa_auth_rule` WHERE  `name` = 'card/del' LIMIT 1 [ RunTime:0.000169s ]
[ 2019-05-20T14:14:04+08:00 ][ sql ] [ SQL ] SELECT `id` FROM `fa_auth_rule` WHERE  `name` = 'card/multi' LIMIT 1 [ RunTime:0.000272s ]
[ 2019-05-20T14:14:04+08:00 ][ sql ] [ SQL ] UPDATE `fa_auth_rule`  SET `pid`=91,`name`='card/index',`icon`='fa fa-circle-o',`title`='查看',`ismenu`=0,`status`='normal',`updatetime`=1558332844  WHERE  `id` = 92 [ RunTime:0.000284s ]
[ 2019-05-20T14:14:04+08:00 ][ sql ] [ SQL ] UPDATE `fa_auth_rule`  SET `pid`=91,`name`='card/add',`icon`='fa fa-circle-o',`title`='添加',`ismenu`=0,`status`='normal',`updatetime`=1558332844  WHERE  `id` = 93 [ RunTime:0.000256s ]
[ 2019-05-20T14:14:04+08:00 ][ sql ] [ SQL ] UPDATE `fa_auth_rule`  SET `pid`=91,`name`='card/edit',`icon`='fa fa-circle-o',`title`='编辑',`ismenu`=0,`status`='normal',`updatetime`=1558332844  WHERE  `id` = 94 [ RunTime:0.000204s ]
[ 2019-05-20T14:14:04+08:00 ][ sql ] [ SQL ] UPDATE `fa_auth_rule`  SET `pid`=91,`name`='card/del',`icon`='fa fa-circle-o',`title`='删除',`ismenu`=0,`status`='normal',`updatetime`=1558332844  WHERE  `id` = 95 [ RunTime:0.000207s ]
[ 2019-05-20T14:14:04+08:00 ][ sql ] [ SQL ] UPDATE `fa_auth_rule`  SET `pid`=91,`name`='card/multi',`icon`='fa fa-circle-o',`title`='批量更新',`ismenu`=0,`status`='normal',`updatetime`=1558332844  WHERE  `id` = 96 [ RunTime:0.000212s ]
[ 2019-05-20T15:00:32+08:00 ][ info ] [ BEHAVIOR ] Run Closure @app_init [ RunTime:0.000129s ]
[ info ] [ LOG ] INIT File
[ 2019-05-20T15:00:32+08:00 ][ info ] [ CACHE ] INIT File
[ 2019-05-20T15:00:32+08:00 ][ info ] [ BEHAVIOR ] Run Closure @app_init [ RunTime:0.001328s ]
[ 2019-05-20T15:00:32+08:00 ][ info ] [ DB ] INIT mysql
[ 2019-05-20T15:00:32+08:00 ][ sql ] [ DB ] CONNECT:[ UseTime:0.000549s ] mysql:host=127.0.0.1;dbname=robot;charset=utf8
[ 2019-05-20T15:00:32+08:00 ][ sql ] [ SQL ] SHOW TABLE STATUS LIKE 'present' [ RunTime:0.000444s ]
[ 2019-05-20T15:00:32+08:00 ][ sql ] [ SQL ] SHOW TABLE STATUS LIKE 'fa_present' [ RunTime:0.000357s ]
[ 2019-05-20T15:00:32+08:00 ][ sql ] [ SQL ] SELECT * FROM `information_schema`.`columns` WHERE TABLE_SCHEMA = 'robot' AND table_name = 'fa_present' ORDER BY ORDINAL_POSITION [ RunTime:0.000749s ]
[ 2019-05-20T15:00:32+08:00 ][ info ] [ BEHAVIOR ] Run Closure @app_init [ RunTime:0.000107s ]
[ info ] [ LOG ] INIT File
[ 2019-05-20T15:00:32+08:00 ][ info ] [ CACHE ] INIT File
[ 2019-05-20T15:00:32+08:00 ][ info ] [ BEHAVIOR ] Run Closure @app_init [ RunTime:0.001205s ]
[ 2019-05-20T15:00:32+08:00 ][ info ] [ DB ] INIT mysql
[ 2019-05-20T15:00:32+08:00 ][ info ] [ DB ] INIT mysql
[ 2019-05-20T15:00:32+08:00 ][ info ] [ LANG ] /www/wwwroot/robot/application/admin/lang/zh-cn.php
[ 2019-05-20T15:00:32+08:00 ][ sql ] [ DB ] CONNECT:[ UseTime:0.000523s ] mysql:host=127.0.0.1;dbname=robot;charset=utf8
[ 2019-05-20T15:00:32+08:00 ][ sql ] [ SQL ] SHOW COLUMNS FROM `fa_auth_rule` [ RunTime:0.000637s ]
[ 2019-05-20T15:00:32+08:00 ][ sql ] [ SQL ] SELECT * FROM `fa_auth_rule` WHERE  `name` = 'present' LIMIT 1 [ RunTime:0.000314s ]
[ 2019-05-20T15:00:32+08:00 ][ sql ] [ SQL ] INSERT INTO `fa_auth_rule` (`pid` , `name` , `title` , `icon` , `remark` , `ismenu` , `status` , `createtime` , `updatetime`) VALUES (0 , 'present' , '礼物管理' , 'fa fa-circle-o' , '' , 1 , 'normal' , 1558335632 , 1558335632) [ RunTime:0.003488s ]
[ 2019-05-20T15:00:32+08:00 ][ sql ] [ SQL ] SELECT `id` FROM `fa_auth_rule` WHERE  `name` = 'present/index' LIMIT 1 [ RunTime:0.000230s ]
[ 2019-05-20T15:00:32+08:00 ][ sql ] [ SQL ] SELECT `id` FROM `fa_auth_rule` WHERE  `name` = 'present/add' LIMIT 1 [ RunTime:0.000189s ]
[ 2019-05-20T15:00:32+08:00 ][ sql ] [ SQL ] SELECT `id` FROM `fa_auth_rule` WHERE  `name` = 'present/edit' LIMIT 1 [ RunTime:0.000171s ]
[ 2019-05-20T15:00:32+08:00 ][ sql ] [ SQL ] SELECT `id` FROM `fa_auth_rule` WHERE  `name` = 'present/del' LIMIT 1 [ RunTime:0.000165s ]
[ 2019-05-20T15:00:32+08:00 ][ sql ] [ SQL ] SELECT `id` FROM `fa_auth_rule` WHERE  `name` = 'present/multi' LIMIT 1 [ RunTime:0.000164s ]
[ 2019-05-20T15:00:32+08:00 ][ sql ] [ SQL ] INSERT INTO `fa_auth_rule` (`id` , `pid` , `name` , `icon` , `title` , `ismenu` , `status` , `createtime` , `updatetime`) VALUES (NULL , 97 , 'present/index' , 'fa fa-circle-o' , '查看' , 0 , 'normal' , 1558335632 , 1558335632) [ RunTime:0.000213s ]
[ 2019-05-20T15:00:32+08:00 ][ sql ] [ SQL ] INSERT INTO `fa_auth_rule` (`id` , `pid` , `name` , `icon` , `title` , `ismenu` , `status` , `createtime` , `updatetime`) VALUES (NULL , 97 , 'present/add' , 'fa fa-circle-o' , '添加' , 0 , 'normal' , 1558335632 , 1558335632) [ RunTime:0.000182s ]
[ 2019-05-20T15:00:32+08:00 ][ sql ] [ SQL ] INSERT INTO `fa_auth_rule` (`id` , `pid` , `name` , `icon` , `title` , `ismenu` , `status` , `createtime` , `updatetime`) VALUES (NULL , 97 , 'present/edit' , 'fa fa-circle-o' , '编辑' , 0 , 'normal' , 1558335632 , 1558335632) [ RunTime:0.000187s ]
[ 2019-05-20T15:00:32+08:00 ][ sql ] [ SQL ] INSERT INTO `fa_auth_rule` (`id` , `pid` , `name` , `icon` , `title` , `ismenu` , `status` , `createtime` , `updatetime`) VALUES (NULL , 97 , 'present/del' , 'fa fa-circle-o' , '删除' , 0 , 'normal' , 1558335632 , 1558335632) [ RunTime:0.000172s ]
[ 2019-05-20T15:00:32+08:00 ][ sql ] [ SQL ] INSERT INTO `fa_auth_rule` (`id` , `pid` , `name` , `icon` , `title` , `ismenu` , `status` , `createtime` , `updatetime`) VALUES (NULL , 97 , 'present/multi' , 'fa fa-circle-o' , '批量更新' , 0 , 'normal' , 1558335632 , 1558335632) [ RunTime:0.000171s ]
[ 2019-05-20T15:03:14+08:00 ][ info ] [ BEHAVIOR ] Run Closure @app_init [ RunTime:0.000121s ]
[ info ] [ LOG ] INIT File
[ 2019-05-20T15:03:14+08:00 ][ info ] [ CACHE ] INIT File
[ 2019-05-20T15:03:14+08:00 ][ info ] [ BEHAVIOR ] Run Closure @app_init [ RunTime:0.001329s ]
[ 2019-05-20T15:03:15+08:00 ][ info ] [ DB ] INIT mysql
[ 2019-05-20T15:03:15+08:00 ][ sql ] [ DB ] CONNECT:[ UseTime:0.000452s ] mysql:host=127.0.0.1;dbname=robot;charset=utf8
[ 2019-05-20T15:03:15+08:00 ][ sql ] [ SQL ] SHOW TABLE STATUS LIKE 'present' [ RunTime:0.000389s ]
[ 2019-05-20T15:03:15+08:00 ][ sql ] [ SQL ] SHOW TABLE STATUS LIKE 'fa_present' [ RunTime:0.000342s ]
[ 2019-05-20T15:03:15+08:00 ][ sql ] [ SQL ] SELECT * FROM `information_schema`.`columns` WHERE TABLE_SCHEMA = 'robot' AND table_name = 'fa_present' ORDER BY ORDINAL_POSITION [ RunTime:0.000687s ]
[ 2019-05-20T15:03:15+08:00 ][ info ] [ BEHAVIOR ] Run Closure @app_init [ RunTime:0.000123s ]
[ info ] [ LOG ] INIT File
[ 2019-05-20T15:03:15+08:00 ][ info ] [ CACHE ] INIT File
[ 2019-05-20T15:03:15+08:00 ][ info ] [ BEHAVIOR ] Run Closure @app_init [ RunTime:0.000988s ]
[ 2019-05-20T15:03:15+08:00 ][ info ] [ DB ] INIT mysql
[ 2019-05-20T15:03:15+08:00 ][ info ] [ DB ] INIT mysql
[ 2019-05-20T15:03:15+08:00 ][ info ] [ LANG ] /www/wwwroot/robot/application/admin/lang/zh-cn.php
[ 2019-05-20T15:03:15+08:00 ][ sql ] [ DB ] CONNECT:[ UseTime:0.000449s ] mysql:host=127.0.0.1;dbname=robot;charset=utf8
[ 2019-05-20T15:03:15+08:00 ][ sql ] [ SQL ] SHOW COLUMNS FROM `fa_auth_rule` [ RunTime:0.000655s ]
[ 2019-05-20T15:03:15+08:00 ][ sql ] [ SQL ] SELECT * FROM `fa_auth_rule` WHERE  `name` = 'present' LIMIT 1 [ RunTime:0.000311s ]
[ 2019-05-20T15:03:15+08:00 ][ sql ] [ SQL ] SELECT `id` FROM `fa_auth_rule` WHERE  `name` = 'present/index' LIMIT 1 [ RunTime:0.000197s ]
[ 2019-05-20T15:03:15+08:00 ][ sql ] [ SQL ] SELECT `id` FROM `fa_auth_rule` WHERE  `name` = 'present/add' LIMIT 1 [ RunTime:0.000200s ]
[ 2019-05-20T15:03:15+08:00 ][ sql ] [ SQL ] SELECT `id` FROM `fa_auth_rule` WHERE  `name` = 'present/edit' LIMIT 1 [ RunTime:0.000167s ]
[ 2019-05-20T15:03:15+08:00 ][ sql ] [ SQL ] SELECT `id` FROM `fa_auth_rule` WHERE  `name` = 'present/del' LIMIT 1 [ RunTime:0.000170s ]
[ 2019-05-20T15:03:15+08:00 ][ sql ] [ SQL ] SELECT `id` FROM `fa_auth_rule` WHERE  `name` = 'present/multi' LIMIT 1 [ RunTime:0.000169s ]
[ 2019-05-20T15:03:15+08:00 ][ sql ] [ SQL ] UPDATE `fa_auth_rule`  SET `pid`=97,`name`='present/index',`icon`='fa fa-circle-o',`title`='查看',`ismenu`=0,`status`='normal',`updatetime`=1558335795  WHERE  `id` = 98 [ RunTime:0.000272s ]
[ 2019-05-20T15:03:15+08:00 ][ sql ] [ SQL ] UPDATE `fa_auth_rule`  SET `pid`=97,`name`='present/add',`icon`='fa fa-circle-o',`title`='添加',`ismenu`=0,`status`='normal',`updatetime`=1558335795  WHERE  `id` = 99 [ RunTime:0.000207s ]
[ 2019-05-20T15:03:15+08:00 ][ sql ] [ SQL ] UPDATE `fa_auth_rule`  SET `pid`=97,`name`='present/edit',`icon`='fa fa-circle-o',`title`='编辑',`ismenu`=0,`status`='normal',`updatetime`=1558335795  WHERE  `id` = 100 [ RunTime:0.000184s ]
[ 2019-05-20T15:03:15+08:00 ][ sql ] [ SQL ] UPDATE `fa_auth_rule`  SET `pid`=97,`name`='present/del',`icon`='fa fa-circle-o',`title`='删除',`ismenu`=0,`status`='normal',`updatetime`=1558335795  WHERE  `id` = 101 [ RunTime:0.000196s ]
[ 2019-05-20T15:03:15+08:00 ][ sql ] [ SQL ] UPDATE `fa_auth_rule`  SET `pid`=97,`name`='present/multi',`icon`='fa fa-circle-o',`title`='批量更新',`ismenu`=0,`status`='normal',`updatetime`=1558335795  WHERE  `id` = 102 [ RunTime:0.000180s ]
