[ 2019-05-21T09:19:15+08:00 ][ info ] [ BEHAVIOR ] Run Closure @app_init [ RunTime:0.000124s ]
[ info ] [ LOG ] INIT File
[ 2019-05-21T09:19:15+08:00 ][ info ] [ CACHE ] INIT File
[ 2019-05-21T09:19:15+08:00 ][ info ] [ BEHAVIOR ] Run Closure @app_init [ RunTime:0.001316s ]
[ 2019-05-21T09:19:15+08:00 ][ info ] [ DB ] INIT mysql
[ 2019-05-21T09:19:15+08:00 ][ sql ] [ DB ] CONNECT:[ UseTime:0.000552s ] mysql:host=127.0.0.1;dbname=robot;charset=utf8
[ 2019-05-21T09:19:15+08:00 ][ sql ] [ SQL ] SHOW TABLE STATUS LIKE 'present' [ RunTime:0.000446s ]
[ 2019-05-21T09:19:15+08:00 ][ sql ] [ SQL ] SHOW TABLE STATUS LIKE 'fa_present' [ RunTime:0.000353s ]
[ 2019-05-21T09:19:21+08:00 ][ info ] [ BEHAVIOR ] Run Closure @app_init [ RunTime:0.000122s ]
[ info ] [ LOG ] INIT File
[ 2019-05-21T09:19:21+08:00 ][ info ] [ CACHE ] INIT File
[ 2019-05-21T09:19:21+08:00 ][ info ] [ BEHAVIOR ] Run Closure @app_init [ RunTime:0.001331s ]
[ 2019-05-21T09:19:21+08:00 ][ info ] [ DB ] INIT mysql
[ 2019-05-21T09:19:21+08:00 ][ sql ] [ DB ] CONNECT:[ UseTime:0.000519s ] mysql:host=127.0.0.1;dbname=robot;charset=utf8
[ 2019-05-21T09:19:21+08:00 ][ sql ] [ SQL ] SHOW TABLE STATUS LIKE 'present' [ RunTime:0.000427s ]
[ 2019-05-21T09:19:21+08:00 ][ sql ] [ SQL ] SHOW TABLE STATUS LIKE 'fa_present' [ RunTime:0.000367s ]
[ 2019-05-21T09:19:21+08:00 ][ sql ] [ SQL ] SELECT * FROM `information_schema`.`columns` WHERE TABLE_SCHEMA = 'robot' AND table_name = 'fa_present' ORDER BY ORDINAL_POSITION [ RunTime:0.000762s ]
[ 2019-05-21T09:19:21+08:00 ][ info ] [ BEHAVIOR ] Run Closure @app_init [ RunTime:0.000103s ]
[ info ] [ LOG ] INIT File
[ 2019-05-21T09:19:21+08:00 ][ info ] [ CACHE ] INIT File
[ 2019-05-21T09:19:21+08:00 ][ info ] [ BEHAVIOR ] Run Closure @app_init [ RunTime:0.001235s ]
[ 2019-05-21T09:19:21+08:00 ][ info ] [ DB ] INIT mysql
[ 2019-05-21T09:19:21+08:00 ][ info ] [ DB ] INIT mysql
[ 2019-05-21T09:19:21+08:00 ][ info ] [ LANG ] /www/wwwroot/robot/application/admin/lang/zh-cn.php
[ 2019-05-21T09:19:21+08:00 ][ sql ] [ DB ] CONNECT:[ UseTime:0.000465s ] mysql:host=127.0.0.1;dbname=robot;charset=utf8
[ 2019-05-21T09:19:21+08:00 ][ sql ] [ SQL ] SHOW COLUMNS FROM `fa_auth_rule` [ RunTime:0.000643s ]
[ 2019-05-21T09:19:21+08:00 ][ sql ] [ SQL ] SELECT * FROM `fa_auth_rule` WHERE  `name` = 'present' LIMIT 1 [ RunTime:0.000334s ]
[ 2019-05-21T09:19:21+08:00 ][ sql ] [ SQL ] SELECT `id` FROM `fa_auth_rule` WHERE  `name` = 'present/index' LIMIT 1 [ RunTime:0.000220s ]
[ 2019-05-21T09:19:21+08:00 ][ sql ] [ SQL ] SELECT `id` FROM `fa_auth_rule` WHERE  `name` = 'present/add' LIMIT 1 [ RunTime:0.000172s ]
[ 2019-05-21T09:19:21+08:00 ][ sql ] [ SQL ] SELECT `id` FROM `fa_auth_rule` WHERE  `name` = 'present/edit' LIMIT 1 [ RunTime:0.000166s ]
[ 2019-05-21T09:19:21+08:00 ][ sql ] [ SQL ] SELECT `id` FROM `fa_auth_rule` WHERE  `name` = 'present/del' LIMIT 1 [ RunTime:0.000344s ]
[ 2019-05-21T09:19:21+08:00 ][ sql ] [ SQL ] SELECT `id` FROM `fa_auth_rule` WHERE  `name` = 'present/multi' LIMIT 1 [ RunTime:0.000185s ]
[ 2019-05-21T09:19:21+08:00 ][ sql ] [ SQL ] UPDATE `fa_auth_rule`  SET `pid`=97,`name`='present/index',`icon`='fa fa-circle-o',`title`='查看',`ismenu`=0,`status`='normal',`updatetime`=1558401561  WHERE  `id` = 98 [ RunTime:0.000309s ]
[ 2019-05-21T09:19:21+08:00 ][ sql ] [ SQL ] UPDATE `fa_auth_rule`  SET `pid`=97,`name`='present/add',`icon`='fa fa-circle-o',`title`='添加',`ismenu`=0,`status`='normal',`updatetime`=1558401561  WHERE  `id` = 99 [ RunTime:0.000204s ]
[ 2019-05-21T09:19:21+08:00 ][ sql ] [ SQL ] UPDATE `fa_auth_rule`  SET `pid`=97,`name`='present/edit',`icon`='fa fa-circle-o',`title`='编辑',`ismenu`=0,`status`='normal',`updatetime`=1558401561  WHERE  `id` = 100 [ RunTime:0.000212s ]
[ 2019-05-21T09:19:21+08:00 ][ sql ] [ SQL ] UPDATE `fa_auth_rule`  SET `pid`=97,`name`='present/del',`icon`='fa fa-circle-o',`title`='删除',`ismenu`=0,`status`='normal',`updatetime`=1558401561  WHERE  `id` = 101 [ RunTime:0.000180s ]
[ 2019-05-21T09:19:21+08:00 ][ sql ] [ SQL ] UPDATE `fa_auth_rule`  SET `pid`=97,`name`='present/multi',`icon`='fa fa-circle-o',`title`='批量更新',`ismenu`=0,`status`='normal',`updatetime`=1558401561  WHERE  `id` = 102 [ RunTime:0.000171s ]
[ 2019-05-21T09:22:46+08:00 ][ info ] [ BEHAVIOR ] Run Closure @app_init [ RunTime:0.000140s ]
[ info ] [ LOG ] INIT File
[ 2019-05-21T09:22:46+08:00 ][ info ] [ CACHE ] INIT File
[ 2019-05-21T09:22:46+08:00 ][ info ] [ BEHAVIOR ] Run Closure @app_init [ RunTime:0.001365s ]
[ 2019-05-21T09:22:46+08:00 ][ info ] [ DB ] INIT mysql
[ 2019-05-21T09:22:46+08:00 ][ sql ] [ DB ] CONNECT:[ UseTime:0.000551s ] mysql:host=127.0.0.1;dbname=robot;charset=utf8
[ 2019-05-21T09:22:46+08:00 ][ sql ] [ SQL ] SHOW TABLE STATUS LIKE 'present' [ RunTime:0.000413s ]
[ 2019-05-21T09:22:46+08:00 ][ sql ] [ SQL ] SHOW TABLE STATUS LIKE 'fa_present' [ RunTime:0.000353s ]
[ 2019-05-21T09:22:46+08:00 ][ sql ] [ SQL ] SELECT * FROM `information_schema`.`columns` WHERE TABLE_SCHEMA = 'robot' AND table_name = 'fa_present' ORDER BY ORDINAL_POSITION [ RunTime:0.000762s ]
[ 2019-05-21T09:22:46+08:00 ][ info ] [ BEHAVIOR ] Run Closure @app_init [ RunTime:0.000101s ]
[ info ] [ LOG ] INIT File
[ 2019-05-21T09:22:46+08:00 ][ info ] [ CACHE ] INIT File
[ 2019-05-21T09:22:46+08:00 ][ info ] [ BEHAVIOR ] Run Closure @app_init [ RunTime:0.001303s ]
[ 2019-05-21T09:22:46+08:00 ][ info ] [ DB ] INIT mysql
[ 2019-05-21T09:22:46+08:00 ][ info ] [ DB ] INIT mysql
[ 2019-05-21T09:22:46+08:00 ][ info ] [ LANG ] /www/wwwroot/robot/application/admin/lang/zh-cn.php
[ 2019-05-21T09:22:46+08:00 ][ sql ] [ DB ] CONNECT:[ UseTime:0.000430s ] mysql:host=127.0.0.1;dbname=robot;charset=utf8
[ 2019-05-21T09:22:46+08:00 ][ sql ] [ SQL ] SHOW COLUMNS FROM `fa_auth_rule` [ RunTime:0.000653s ]
[ 2019-05-21T09:22:46+08:00 ][ sql ] [ SQL ] SELECT * FROM `fa_auth_rule` WHERE  `name` = 'present' LIMIT 1 [ RunTime:0.000340s ]
[ 2019-05-21T09:22:46+08:00 ][ sql ] [ SQL ] SELECT `id` FROM `fa_auth_rule` WHERE  `name` = 'present/index' LIMIT 1 [ RunTime:0.000220s ]
[ 2019-05-21T09:22:46+08:00 ][ sql ] [ SQL ] SELECT `id` FROM `fa_auth_rule` WHERE  `name` = 'present/add' LIMIT 1 [ RunTime:0.000173s ]
[ 2019-05-21T09:22:46+08:00 ][ sql ] [ SQL ] SELECT `id` FROM `fa_auth_rule` WHERE  `name` = 'present/edit' LIMIT 1 [ RunTime:0.000167s ]
[ 2019-05-21T09:22:46+08:00 ][ sql ] [ SQL ] SELECT `id` FROM `fa_auth_rule` WHERE  `name` = 'present/del' LIMIT 1 [ RunTime:0.000187s ]
[ 2019-05-21T09:22:46+08:00 ][ sql ] [ SQL ] SELECT `id` FROM `fa_auth_rule` WHERE  `name` = 'present/multi' LIMIT 1 [ RunTime:0.000187s ]
[ 2019-05-21T09:22:46+08:00 ][ sql ] [ SQL ] UPDATE `fa_auth_rule`  SET `pid`=97,`name`='present/index',`icon`='fa fa-circle-o',`title`='查看',`ismenu`=0,`status`='normal',`updatetime`=1558401766  WHERE  `id` = 98 [ RunTime:0.000317s ]
[ 2019-05-21T09:22:46+08:00 ][ sql ] [ SQL ] UPDATE `fa_auth_rule`  SET `pid`=97,`name`='present/add',`icon`='fa fa-circle-o',`title`='添加',`ismenu`=0,`status`='normal',`updatetime`=1558401766  WHERE  `id` = 99 [ RunTime:0.000224s ]
[ 2019-05-21T09:22:46+08:00 ][ sql ] [ SQL ] UPDATE `fa_auth_rule`  SET `pid`=97,`name`='present/edit',`icon`='fa fa-circle-o',`title`='编辑',`ismenu`=0,`status`='normal',`updatetime`=1558401766  WHERE  `id` = 100 [ RunTime:0.000204s ]
[ 2019-05-21T09:22:46+08:00 ][ sql ] [ SQL ] UPDATE `fa_auth_rule`  SET `pid`=97,`name`='present/del',`icon`='fa fa-circle-o',`title`='删除',`ismenu`=0,`status`='normal',`updatetime`=1558401766  WHERE  `id` = 101 [ RunTime:0.000213s ]
[ 2019-05-21T09:22:46+08:00 ][ sql ] [ SQL ] UPDATE `fa_auth_rule`  SET `pid`=97,`name`='present/multi',`icon`='fa fa-circle-o',`title`='批量更新',`ismenu`=0,`status`='normal',`updatetime`=1558401766  WHERE  `id` = 102 [ RunTime:0.000203s ]
