[ 2019-05-22T16:39:43+08:00 ][ info ] [ BEHAVIOR ] Run Closure @app_init [ RunTime:0.000123s ]
[ info ] [ LOG ] INIT File
[ 2019-05-22T16:39:43+08:00 ][ info ] [ CACHE ] INIT File
[ 2019-05-22T16:39:43+08:00 ][ info ] [ BEHAVIOR ] Run Closure @app_init [ RunTime:0.001366s ]
[ 2019-05-22T16:39:43+08:00 ][ info ] [ DB ] INIT mysql
[ 2019-05-22T16:39:43+08:00 ][ sql ] [ DB ] CONNECT:[ UseTime:0.000551s ] mysql:host=127.0.0.1;dbname=robot;charset=utf8
[ 2019-05-22T16:39:43+08:00 ][ sql ] [ SQL ] SHOW TABLE STATUS LIKE 'present' [ RunTime:0.000427s ]
[ 2019-05-22T16:39:43+08:00 ][ sql ] [ SQL ] SHOW TABLE STATUS LIKE 'fa_present' [ RunTime:0.000352s ]
[ 2019-05-22T16:39:43+08:00 ][ sql ] [ SQL ] SELECT * FROM `information_schema`.`columns` WHERE TABLE_SCHEMA = 'robot' AND table_name = 'fa_present' ORDER BY ORDINAL_POSITION [ RunTime:0.000751s ]
[ 2019-05-22T16:39:43+08:00 ][ info ] [ BEHAVIOR ] Run Closure @app_init [ RunTime:0.000102s ]
[ info ] [ LOG ] INIT File
[ 2019-05-22T16:39:43+08:00 ][ info ] [ CACHE ] INIT File
[ 2019-05-22T16:39:43+08:00 ][ info ] [ BEHAVIOR ] Run Closure @app_init [ RunTime:0.001319s ]
[ 2019-05-22T16:39:43+08:00 ][ info ] [ DB ] INIT mysql
[ 2019-05-22T16:39:43+08:00 ][ info ] [ DB ] INIT mysql
[ 2019-05-22T16:39:43+08:00 ][ info ] [ LANG ] /www/wwwroot/robot/application/admin/lang/zh-cn.php
[ 2019-05-22T16:39:43+08:00 ][ sql ] [ DB ] CONNECT:[ UseTime:0.000461s ] mysql:host=127.0.0.1;dbname=robot;charset=utf8
[ 2019-05-22T16:39:43+08:00 ][ sql ] [ SQL ] SHOW COLUMNS FROM `fa_auth_rule` [ RunTime:0.000607s ]
[ 2019-05-22T16:39:43+08:00 ][ sql ] [ SQL ] SELECT * FROM `fa_auth_rule` WHERE  `name` = 'present' LIMIT 1 [ RunTime:0.000316s ]
[ 2019-05-22T16:39:43+08:00 ][ sql ] [ SQL ] SELECT `id` FROM `fa_auth_rule` WHERE  `name` = 'present/index' LIMIT 1 [ RunTime:0.000216s ]
[ 2019-05-22T16:39:43+08:00 ][ sql ] [ SQL ] SELECT `id` FROM `fa_auth_rule` WHERE  `name` = 'present/add' LIMIT 1 [ RunTime:0.000182s ]
[ 2019-05-22T16:39:43+08:00 ][ sql ] [ SQL ] SELECT `id` FROM `fa_auth_rule` WHERE  `name` = 'present/edit' LIMIT 1 [ RunTime:0.000172s ]
[ 2019-05-22T16:39:43+08:00 ][ sql ] [ SQL ] SELECT `id` FROM `fa_auth_rule` WHERE  `name` = 'present/del' LIMIT 1 [ RunTime:0.000169s ]
[ 2019-05-22T16:39:43+08:00 ][ sql ] [ SQL ] SELECT `id` FROM `fa_auth_rule` WHERE  `name` = 'present/multi' LIMIT 1 [ RunTime:0.000172s ]
[ 2019-05-22T16:39:43+08:00 ][ sql ] [ SQL ] UPDATE `fa_auth_rule`  SET `pid`=97,`name`='present/index',`icon`='fa fa-circle-o',`title`='查看',`ismenu`=0,`status`='normal',`updatetime`=1558514383  WHERE  `id` = 98 [ RunTime:0.000266s ]
[ 2019-05-22T16:39:43+08:00 ][ sql ] [ SQL ] UPDATE `fa_auth_rule`  SET `pid`=97,`name`='present/add',`icon`='fa fa-circle-o',`title`='添加',`ismenu`=0,`status`='normal',`updatetime`=1558514383  WHERE  `id` = 99 [ RunTime:0.000222s ]
[ 2019-05-22T16:39:43+08:00 ][ sql ] [ SQL ] UPDATE `fa_auth_rule`  SET `pid`=97,`name`='present/edit',`icon`='fa fa-circle-o',`title`='编辑',`ismenu`=0,`status`='normal',`updatetime`=1558514383  WHERE  `id` = 100 [ RunTime:0.000206s ]
[ 2019-05-22T16:39:43+08:00 ][ sql ] [ SQL ] UPDATE `fa_auth_rule`  SET `pid`=97,`name`='present/del',`icon`='fa fa-circle-o',`title`='删除',`ismenu`=0,`status`='normal',`updatetime`=1558514383  WHERE  `id` = 101 [ RunTime:0.000215s ]
[ 2019-05-22T16:39:43+08:00 ][ sql ] [ SQL ] UPDATE `fa_auth_rule`  SET `pid`=97,`name`='present/multi',`icon`='fa fa-circle-o',`title`='批量更新',`ismenu`=0,`status`='normal',`updatetime`=1558514383  WHERE  `id` = 102 [ RunTime:0.000205s ]
