---------------------------------------------------------------
[ 2019-05-27T23:34:11+08:00 ] 42.242.224.56 GET robot.xlove99.top/index/ajax/lang?callback=define&controllername=user&v=1558971249
[运行时间：0.035700s] [吞吐率：28.01req/s] [内存消耗：3,622.00kb] [文件加载：135]
[ info ] [ BEHAVIOR ] Run Closure @app_init [ RunTime:0.000024s ]
[ info ] [ CACHE ] INIT File
[ info ] [ BEHAVIOR ] Run Closure @app_init [ RunTime:0.000835s ]
[ info ] [ LANG ] /www/wwwroot/robot/thinkphp/lang/zh-cn.php
[ info ] [ ROUTE ] array (
  'type' => 'module',
  'module' => 
  array (
    0 => 'index',
    1 => 'ajax',
    2 => 'lang',
  ),
)
[ info ] [ HEADER ] array (
  'cookie' => 'PHPSESSID=u98i7p76k9b0foonm25p08m1ib; uid=1000329; token=ea630270-e436-4cce-8372-b58ddec38585',
  'accept-language' => 'zh-CN,zh;q=0.8',
  'accept-encoding' => 'gzip, deflate, sdch',
  'referer' => 'http://robot.xlove99.top/index/user/usercard.html',
  'accept' => '*/*',
  'user-agent' => 'Mozilla/5.0 (Windows NT 6.1; WOW64) AppleWebKit/537.36 (KHTML, like Gecko) Chrome/55.0.2883.87 Safari/537.36',
  'connection' => 'keep-alive',
  'host' => 'robot.xlove99.top',
  'content-type' => '',
  'content-length' => '',
)
[ info ] [ PARAM ] array (
  'callback' => 'define',
  'controllername' => 'user',
  'v' => '1558971249',
)
[ info ] [ LANG ] /www/wwwroot/robot/public/../application/index/lang/zh-cn.php
[ info ] [ BEHAVIOR ] Run app\common\behavior\Common @module_init [ RunTime:0.001404s ]
[ info ] [ TOKEN ] INIT Mysql
[ info ] [ DB ] INIT mysql
[ info ] [ LANG ] /www/wwwroot/robot/public/../application/index/lang/zh-cn/ajax.php
[ info ] [ RUN ] app\index\controller\Ajax->lang[ /www/wwwroot/robot/application/index/controller/Ajax.php ]
[ info ] [ LANG ] /www/wwwroot/robot/public/../application/index/lang/zh-cn/user.php
[ info ] [ LOG ] INIT File
[ sql ] [ DB ] CONNECT:[ UseTime:0.000556s ] mysql:host=127.0.0.1;dbname=robot;charset=utf8
[ sql ] [ SQL ] SHOW COLUMNS FROM `fa_user_token` [ RunTime:0.000643s ]
[ sql ] [ SQL ] SELECT * FROM `fa_user_token` WHERE  `token` = 'ca65c480cd69dd987823545cf467497e817da1e3' LIMIT 1 [ RunTime:0.000291s ]
[ sql ] [ SQL ] SHOW COLUMNS FROM `fa_user` [ RunTime:0.000849s ]
[ sql ] [ SQL ] SELECT * FROM `fa_user` WHERE  `id` = 1000329 LIMIT 1 [ RunTime:0.000342s ]
---------------------------------------------------------------
[ 2019-05-27T23:34:21+08:00 ] 42.242.224.56 GET robot.xlove99.top/index/user/login.html
[运行时间：0.028140s] [吞吐率：35.54req/s] [内存消耗：2,893.70kb] [文件加载：126]
[ info ] [ BEHAVIOR ] Run Closure @app_init [ RunTime:0.000026s ]
[ info ] [ CACHE ] INIT File
[ info ] [ BEHAVIOR ] Run Closure @app_init [ RunTime:0.000800s ]
[ info ] [ LANG ] /www/wwwroot/robot/thinkphp/lang/zh-cn.php
[ info ] [ ROUTE ] array (
  'type' => 'module',
  'module' => 
  array (
    0 => 'index',
    1 => 'user',
    2 => 'login',
  ),
)
[ info ] [ HEADER ] array (
  'accept-language' => 'zh-CN,zh;q=0.8',
  'accept-encoding' => 'gzip, deflate, sdch',
  'accept' => 'text/html,application/xhtml+xml,application/xml;q=0.9,image/webp,*/*;q=0.8',
  'user-agent' => 'Mozilla/5.0 (Windows NT 6.1; WOW64) AppleWebKit/537.36 (KHTML, like Gecko) Chrome/55.0.2883.87 Safari/537.36',
  'upgrade-insecure-requests' => '1',
  'connection' => 'keep-alive',
  'host' => 'robot.xlove99.top',
  'content-type' => '',
  'content-length' => '',
)
[ info ] [ PARAM ] array (
)
[ info ] [ LANG ] /www/wwwroot/robot/public/../application/index/lang/zh-cn.php
[ info ] [ BEHAVIOR ] Run app\common\behavior\Common @module_init [ RunTime:0.001270s ]
[ info ] [ LANG ] /www/wwwroot/robot/public/../application/index/lang/zh-cn/user.php
[ info ] [ RUN ] app\index\controller\User->login[ /www/wwwroot/robot/application/index/controller/User.php ]
[ info ] [ VIEW ] /www/wwwroot/robot/public/../application/index/view/user/login.html [ array (
  0 => 'user',
  1 => 'site',
  2 => 'config',
  3 => 'url',
  4 => 'title',
) ]
[ info ] [ SESSION ] INIT array (
  'id' => '',
  'var_session_id' => '',
  'prefix' => 'think',
  'type' => '',
  'auto_start' => true,
)
[ info ] [ LOG ] INIT File
---------------------------------------------------------------
[ 2019-05-27T23:34:23+08:00 ] 42.242.224.56 GET robot.xlove99.top/index/ajax/lang?callback=define&controllername=user&v=1558971261
[运行时间：0.023452s] [吞吐率：42.64req/s] [内存消耗：2,791.78kb] [文件加载：125]
[ info ] [ BEHAVIOR ] Run Closure @app_init [ RunTime:0.000021s ]
[ info ] [ CACHE ] INIT File
[ info ] [ BEHAVIOR ] Run Closure @app_init [ RunTime:0.000727s ]
[ info ] [ LANG ] /www/wwwroot/robot/thinkphp/lang/zh-cn.php
[ info ] [ ROUTE ] array (
  'type' => 'module',
  'module' => 
  array (
    0 => 'index',
    1 => 'ajax',
    2 => 'lang',
  ),
)
[ info ] [ HEADER ] array (
  'cookie' => 'PHPSESSID=icqfrrfuttm2nr58k3tja908f4',
  'accept-language' => 'zh-CN,zh;q=0.8',
  'accept-encoding' => 'gzip, deflate, sdch',
  'referer' => 'http://robot.xlove99.top/index/user/login.html',
  'accept' => '*/*',
  'user-agent' => 'Mozilla/5.0 (Windows NT 6.1; WOW64) AppleWebKit/537.36 (KHTML, like Gecko) Chrome/55.0.2883.87 Safari/537.36',
  'connection' => 'keep-alive',
  'host' => 'robot.xlove99.top',
  'content-type' => '',
  'content-length' => '',
)
[ info ] [ PARAM ] array (
  'callback' => 'define',
  'controllername' => 'user',
  'v' => '1558971261',
)
[ info ] [ LANG ] /www/wwwroot/robot/public/../application/index/lang/zh-cn.php
[ info ] [ BEHAVIOR ] Run app\common\behavior\Common @module_init [ RunTime:0.001118s ]
[ info ] [ LANG ] /www/wwwroot/robot/public/../application/index/lang/zh-cn/ajax.php
[ info ] [ RUN ] app\index\controller\Ajax->lang[ /www/wwwroot/robot/application/index/controller/Ajax.php ]
[ info ] [ LANG ] /www/wwwroot/robot/public/../application/index/lang/zh-cn/user.php
[ info ] [ LOG ] INIT File
---------------------------------------------------------------
[ 2019-05-27T23:34:44+08:00 ] 42.242.224.56 POST robot.xlove99.top/index/user/login.html
[运行时间：0.040505s] [吞吐率：24.69req/s] [内存消耗：3,679.33kb] [文件加载：136]
[ info ] [ BEHAVIOR ] Run Closure @app_init [ RunTime:0.000021s ]
[ info ] [ CACHE ] INIT File
[ info ] [ BEHAVIOR ] Run Closure @app_init [ RunTime:0.000732s ]
[ info ] [ LANG ] /www/wwwroot/robot/thinkphp/lang/zh-cn.php
[ info ] [ ROUTE ] array (
  'type' => 'module',
  'module' => 
  array (
    0 => 'index',
    1 => 'user',
    2 => 'login',
  ),
)
[ info ] [ HEADER ] array (
  'cookie' => 'thinkphp_show_page_trace=0|0; PHPSESSID=icqfrrfuttm2nr58k3tja908f4',
  'accept-language' => 'zh-CN,zh;q=0.8',
  'accept-encoding' => 'gzip, deflate',
  'referer' => 'http://robot.xlove99.top/index/user/login.html',
  'content-type' => 'application/x-www-form-urlencoded; charset=UTF-8',
  'user-agent' => 'Mozilla/5.0 (Windows NT 6.1; WOW64) AppleWebKit/537.36 (KHTML, like Gecko) Chrome/55.0.2883.87 Safari/537.36',
  'x-requested-with' => 'XMLHttpRequest',
  'origin' => 'http://robot.xlove99.top',
  'accept' => 'application/json, text/javascript, */*; q=0.01',
  'content-length' => '95',
  'connection' => 'keep-alive',
  'host' => 'robot.xlove99.top',
)
[ info ] [ PARAM ] array (
  'url' => '',
  '__token__' => '7fca9050360f171849cf4dddff1ddd13',
  'account' => '19187024807',
  'password' => '000000',
  'keeplogin' => '1',
)
[ info ] [ LANG ] /www/wwwroot/robot/public/../application/index/lang/zh-cn.php
[ info ] [ BEHAVIOR ] Run app\common\behavior\Common @module_init [ RunTime:0.001167s ]
[ info ] [ LANG ] /www/wwwroot/robot/public/../application/index/lang/zh-cn/user.php
[ info ] [ RUN ] app\index\controller\User->login[ /www/wwwroot/robot/application/index/controller/User.php ]
[ info ] [ SESSION ] INIT array (
  'id' => '',
  'var_session_id' => '',
  'prefix' => 'think',
  'type' => '',
  'auto_start' => true,
)
[ info ] [ DB ] INIT mysql
[ info ] [ TOKEN ] INIT Mysql
[ info ] [ BEHAVIOR ] Run Closure @user_login_successed [ RunTime:0.000088s ]
[ info ] [ LOG ] INIT File
[ sql ] [ DB ] CONNECT:[ UseTime:0.000557s ] mysql:host=127.0.0.1;dbname=robot;charset=utf8
[ sql ] [ SQL ] SHOW COLUMNS FROM `fa_user` [ RunTime:0.001198s ]
[ sql ] [ SQL ] SELECT * FROM `fa_user` WHERE  `mobile` = '19187024807' LIMIT 1 [ RunTime:0.000459s ]
[ sql ] [ SQL ] SELECT * FROM `fa_user` WHERE  `id` = 1000329 LIMIT 1 [ RunTime:0.000333s ]
[ sql ] [ SQL ] UPDATE `fa_user`  SET `logintime`=1558971284,`updatetime`=1558971284  WHERE  `id` = 1000329 [ RunTime:0.000440s ]
[ sql ] [ SQL ] SHOW COLUMNS FROM `fa_user_token` [ RunTime:0.000582s ]
[ sql ] [ SQL ] INSERT INTO `fa_user_token` (`token` , `user_id` , `createtime` , `expiretime`) VALUES ('af5ad3a62c9486c006cbc0e6d8c03854d35cd8c9' , 1000329 , 1558971284 , 1561563284) [ RunTime:0.000235s ]
---------------------------------------------------------------
[ 2019-05-27T23:34:45+08:00 ] 42.242.224.56 GET robot.xlove99.top/index/user/index.html
[运行时间：0.037420s] [吞吐率：26.72req/s] [内存消耗：3,704.86kb] [文件加载：135]
[ info ] [ BEHAVIOR ] Run Closure @app_init [ RunTime:0.000022s ]
[ info ] [ CACHE ] INIT File
[ info ] [ BEHAVIOR ] Run Closure @app_init [ RunTime:0.000760s ]
[ info ] [ LANG ] /www/wwwroot/robot/thinkphp/lang/zh-cn.php
[ info ] [ ROUTE ] array (
  'type' => 'module',
  'module' => 
  array (
    0 => 'index',
    1 => 'user',
    2 => 'index',
  ),
)
[ info ] [ HEADER ] array (
  'cookie' => 'thinkphp_show_page_trace=0|0; PHPSESSID=icqfrrfuttm2nr58k3tja908f4; uid=1000329; token=a344e1ef-6c17-4f9a-aaab-d622d9ea246b',
  'accept-language' => 'zh-CN,zh;q=0.8',
  'accept-encoding' => 'gzip, deflate, sdch',
  'referer' => 'http://robot.xlove99.top/index/user/login.html',
  'accept' => 'text/html,application/xhtml+xml,application/xml;q=0.9,image/webp,*/*;q=0.8',
  'user-agent' => 'Mozilla/5.0 (Windows NT 6.1; WOW64) AppleWebKit/537.36 (KHTML, like Gecko) Chrome/55.0.2883.87 Safari/537.36',
  'upgrade-insecure-requests' => '1',
  'connection' => 'keep-alive',
  'host' => 'robot.xlove99.top',
  'content-type' => '',
  'content-length' => '',
)
[ info ] [ PARAM ] array (
)
[ info ] [ LANG ] /www/wwwroot/robot/public/../application/index/lang/zh-cn.php
[ info ] [ BEHAVIOR ] Run app\common\behavior\Common @module_init [ RunTime:0.001217s ]
[ info ] [ TOKEN ] INIT Mysql
[ info ] [ DB ] INIT mysql
[ info ] [ LANG ] /www/wwwroot/robot/public/../application/index/lang/zh-cn/user.php
[ info ] [ RUN ] app\index\controller\User->index[ /www/wwwroot/robot/application/index/controller/User.php ]
[ info ] [ VIEW ] /www/wwwroot/robot/public/../application/index/view/user/index.html [ array (
  0 => 'user',
  1 => 'site',
  2 => 'config',
  3 => 'title',
) ]
[ info ] [ LOG ] INIT File
[ sql ] [ DB ] CONNECT:[ UseTime:0.000499s ] mysql:host=127.0.0.1;dbname=robot;charset=utf8
[ sql ] [ SQL ] SHOW COLUMNS FROM `fa_user_token` [ RunTime:0.000670s ]
[ sql ] [ SQL ] SELECT * FROM `fa_user_token` WHERE  `token` = 'af5ad3a62c9486c006cbc0e6d8c03854d35cd8c9' LIMIT 1 [ RunTime:0.000570s ]
[ sql ] [ SQL ] SHOW COLUMNS FROM `fa_user` [ RunTime:0.000986s ]
[ sql ] [ SQL ] SELECT * FROM `fa_user` WHERE  `id` = 1000329 LIMIT 1 [ RunTime:0.000419s ]
---------------------------------------------------------------
[ 2019-05-27T23:34:47+08:00 ] 42.242.224.56 GET robot.xlove99.top/index/ajax/lang?callback=define&controllername=user&v=1558971285
[运行时间：0.033865s] [吞吐率：29.53req/s] [内存消耗：3,622.05kb] [文件加载：135]
[ info ] [ BEHAVIOR ] Run Closure @app_init [ RunTime:0.000026s ]
[ info ] [ CACHE ] INIT File
[ info ] [ BEHAVIOR ] Run Closure @app_init [ RunTime:0.000722s ]
[ info ] [ LANG ] /www/wwwroot/robot/thinkphp/lang/zh-cn.php
[ info ] [ ROUTE ] array (
  'type' => 'module',
  'module' => 
  array (
    0 => 'index',
    1 => 'ajax',
    2 => 'lang',
  ),
)
[ info ] [ HEADER ] array (
  'cookie' => 'PHPSESSID=icqfrrfuttm2nr58k3tja908f4; uid=1000329; token=a344e1ef-6c17-4f9a-aaab-d622d9ea246b',
  'accept-language' => 'zh-CN,zh;q=0.8',
  'accept-encoding' => 'gzip, deflate, sdch',
  'referer' => 'http://robot.xlove99.top/index/user/index.html',
  'accept' => '*/*',
  'user-agent' => 'Mozilla/5.0 (Windows NT 6.1; WOW64) AppleWebKit/537.36 (KHTML, like Gecko) Chrome/55.0.2883.87 Safari/537.36',
  'connection' => 'keep-alive',
  'host' => 'robot.xlove99.top',
  'content-type' => '',
  'content-length' => '',
)
[ info ] [ PARAM ] array (
  'callback' => 'define',
  'controllername' => 'user',
  'v' => '1558971285',
)
[ info ] [ LANG ] /www/wwwroot/robot/public/../application/index/lang/zh-cn.php
[ info ] [ BEHAVIOR ] Run app\common\behavior\Common @module_init [ RunTime:0.001182s ]
[ info ] [ TOKEN ] INIT Mysql
[ info ] [ DB ] INIT mysql
[ info ] [ LANG ] /www/wwwroot/robot/public/../application/index/lang/zh-cn/ajax.php
[ info ] [ RUN ] app\index\controller\Ajax->lang[ /www/wwwroot/robot/application/index/controller/Ajax.php ]
[ info ] [ LANG ] /www/wwwroot/robot/public/../application/index/lang/zh-cn/user.php
[ info ] [ LOG ] INIT File
[ sql ] [ DB ] CONNECT:[ UseTime:0.000473s ] mysql:host=127.0.0.1;dbname=robot;charset=utf8
[ sql ] [ SQL ] SHOW COLUMNS FROM `fa_user_token` [ RunTime:0.000676s ]
[ sql ] [ SQL ] SELECT * FROM `fa_user_token` WHERE  `token` = 'af5ad3a62c9486c006cbc0e6d8c03854d35cd8c9' LIMIT 1 [ RunTime:0.000300s ]
[ sql ] [ SQL ] SHOW COLUMNS FROM `fa_user` [ RunTime:0.000738s ]
[ sql ] [ SQL ] SELECT * FROM `fa_user` WHERE  `id` = 1000329 LIMIT 1 [ RunTime:0.000342s ]
---------------------------------------------------------------
[ 2019-05-27T23:34:49+08:00 ] 42.242.224.56 GET robot.xlove99.top/index/user/usercard.html
[运行时间：0.038970s] [吞吐率：25.66req/s] [内存消耗：3,694.83kb] [文件加载：135]
[ info ] [ BEHAVIOR ] Run Closure @app_init [ RunTime:0.000021s ]
[ info ] [ CACHE ] INIT File
[ info ] [ BEHAVIOR ] Run Closure @app_init [ RunTime:0.000734s ]
[ info ] [ LANG ] /www/wwwroot/robot/thinkphp/lang/zh-cn.php
[ info ] [ ROUTE ] array (
  'type' => 'module',
  'module' => 
  array (
    0 => 'index',
    1 => 'user',
    2 => 'usercard',
  ),
)
[ info ] [ HEADER ] array (
  'cookie' => 'thinkphp_show_page_trace=0|0; PHPSESSID=icqfrrfuttm2nr58k3tja908f4; uid=1000329; token=a344e1ef-6c17-4f9a-aaab-d622d9ea246b',
  'accept-language' => 'zh-CN,zh;q=0.8',
  'accept-encoding' => 'gzip, deflate, sdch',
  'referer' => 'http://robot.xlove99.top/index/user/index.html',
  'accept' => 'text/html,application/xhtml+xml,application/xml;q=0.9,image/webp,*/*;q=0.8',
  'user-agent' => 'Mozilla/5.0 (Windows NT 6.1; WOW64) AppleWebKit/537.36 (KHTML, like Gecko) Chrome/55.0.2883.87 Safari/537.36',
  'upgrade-insecure-requests' => '1',
  'connection' => 'keep-alive',
  'host' => 'robot.xlove99.top',
  'content-type' => '',
  'content-length' => '',
)
[ info ] [ PARAM ] array (
)
[ info ] [ LANG ] /www/wwwroot/robot/public/../application/index/lang/zh-cn.php
[ info ] [ BEHAVIOR ] Run app\common\behavior\Common @module_init [ RunTime:0.001255s ]
[ info ] [ TOKEN ] INIT Mysql
[ info ] [ DB ] INIT mysql
[ info ] [ LANG ] /www/wwwroot/robot/public/../application/index/lang/zh-cn/user.php
[ info ] [ RUN ] app\index\controller\User->usercard[ /www/wwwroot/robot/application/index/controller/User.php ]
[ info ] [ VIEW ] /www/wwwroot/robot/public/../application/index/view/user/usercard.html [ array (
  0 => 'user',
  1 => 'site',
  2 => 'config',
  3 => 'usercards',
) ]
[ info ] [ LOG ] INIT File
[ sql ] [ DB ] CONNECT:[ UseTime:0.000701s ] mysql:host=127.0.0.1;dbname=robot;charset=utf8
[ sql ] [ SQL ] SHOW COLUMNS FROM `fa_user_token` [ RunTime:0.000683s ]
[ sql ] [ SQL ] SELECT * FROM `fa_user_token` WHERE  `token` = 'af5ad3a62c9486c006cbc0e6d8c03854d35cd8c9' LIMIT 1 [ RunTime:0.000515s ]
[ sql ] [ SQL ] SHOW COLUMNS FROM `fa_user` [ RunTime:0.000991s ]
[ sql ] [ SQL ] SELECT * FROM `fa_user` WHERE  `id` = 1000329 LIMIT 1 [ RunTime:0.000356s ]
[ sql ] [ SQL ] SHOW COLUMNS FROM `fa_card` [ RunTime:0.000755s ]
[ sql ] [ SQL ] SELECT * FROM `fa_card` WHERE  `userid` = 1000329 [ RunTime:0.000435s ]
---------------------------------------------------------------
[ 2019-05-27T23:34:50+08:00 ] 42.242.224.56 GET robot.xlove99.top/index/ajax/lang?callback=define&controllername=user&v=1558971289
[运行时间：0.036620s] [吞吐率：27.31req/s] [内存消耗：3,622.05kb] [文件加载：135]
[ info ] [ BEHAVIOR ] Run Closure @app_init [ RunTime:0.000022s ]
[ info ] [ CACHE ] INIT File
[ info ] [ BEHAVIOR ] Run Closure @app_init [ RunTime:0.000778s ]
[ info ] [ LANG ] /www/wwwroot/robot/thinkphp/lang/zh-cn.php
[ info ] [ ROUTE ] array (
  'type' => 'module',
  'module' => 
  array (
    0 => 'index',
    1 => 'ajax',
    2 => 'lang',
  ),
)
[ info ] [ HEADER ] array (
  'cookie' => 'PHPSESSID=icqfrrfuttm2nr58k3tja908f4; uid=1000329; token=a344e1ef-6c17-4f9a-aaab-d622d9ea246b',
  'accept-language' => 'zh-CN,zh;q=0.8',
  'accept-encoding' => 'gzip, deflate, sdch',
  'referer' => 'http://robot.xlove99.top/index/user/usercard.html',
  'accept' => '*/*',
  'user-agent' => 'Mozilla/5.0 (Windows NT 6.1; WOW64) AppleWebKit/537.36 (KHTML, like Gecko) Chrome/55.0.2883.87 Safari/537.36',
  'connection' => 'keep-alive',
  'host' => 'robot.xlove99.top',
  'content-type' => '',
  'content-length' => '',
)
[ info ] [ PARAM ] array (
  'callback' => 'define',
  'controllername' => 'user',
  'v' => '1558971289',
)
[ info ] [ LANG ] /www/wwwroot/robot/public/../application/index/lang/zh-cn.php
[ info ] [ BEHAVIOR ] Run app\common\behavior\Common @module_init [ RunTime:0.001189s ]
[ info ] [ TOKEN ] INIT Mysql
[ info ] [ DB ] INIT mysql
[ info ] [ LANG ] /www/wwwroot/robot/public/../application/index/lang/zh-cn/ajax.php
[ info ] [ RUN ] app\index\controller\Ajax->lang[ /www/wwwroot/robot/application/index/controller/Ajax.php ]
[ info ] [ LANG ] /www/wwwroot/robot/public/../application/index/lang/zh-cn/user.php
[ info ] [ LOG ] INIT File
[ sql ] [ DB ] CONNECT:[ UseTime:0.000482s ] mysql:host=127.0.0.1;dbname=robot;charset=utf8
[ sql ] [ SQL ] SHOW COLUMNS FROM `fa_user_token` [ RunTime:0.000668s ]
[ sql ] [ SQL ] SELECT * FROM `fa_user_token` WHERE  `token` = 'af5ad3a62c9486c006cbc0e6d8c03854d35cd8c9' LIMIT 1 [ RunTime:0.000545s ]
[ sql ] [ SQL ] SHOW COLUMNS FROM `fa_user` [ RunTime:0.000896s ]
[ sql ] [ SQL ] SELECT * FROM `fa_user` WHERE  `id` = 1000329 LIMIT 1 [ RunTime:0.000605s ]
---------------------------------------------------------------
[ 2019-05-27T23:35:09+08:00 ] 61.151.207.205 GET robot.xlove99.top/index/user/usercard.html
[运行时间：0.032168s] [吞吐率：31.09req/s] [内存消耗：3,299.48kb] [文件加载：132]
[ info ] [ BEHAVIOR ] Run Closure @app_init [ RunTime:0.000021s ]
[ info ] [ CACHE ] INIT File
[ info ] [ BEHAVIOR ] Run Closure @app_init [ RunTime:0.000707s ]
[ info ] [ LANG ] /www/wwwroot/robot/thinkphp/lang/zh-cn.php
[ info ] [ ROUTE ] array (
  'type' => 'module',
  'module' => 
  array (
    0 => 'index',
    1 => 'user',
    2 => 'usercard',
  ),
)
[ info ] [ HEADER ] array (
  'connection' => 'keep-alive',
  'host' => 'robot.xlove99.top',
  'accept-language' => 'zh-CN,zh;q=0.8,en-US;q=0.6,en;q=0.4',
  'referer' => 'http://robot.xlove99.top/index/user/index.html',
  'accept' => '*/*',
  'user-agent' => 'Mozilla/5.0 (Macintosh; Intel Mac OS X 10_12_4) AppleWebKit/537.36 (KHTML, like Gecko) 			Chrome/55.0.2883.95 Safari/537.36',
  'content-type' => '',
  'content-length' => '',
)
[ info ] [ PARAM ] array (
)
[ info ] [ LANG ] /www/wwwroot/robot/public/../application/index/lang/zh-cn.php
[ info ] [ BEHAVIOR ] Run app\common\behavior\Common @module_init [ RunTime:0.001199s ]
[ info ] [ TOKEN ] INIT Mysql
[ info ] [ DB ] INIT mysql
[ info ] [ VIEW ] /www/wwwroot/robot/public/../application/common/view/tpl/dispatch_jump.tpl [ array (
  0 => 'code',
  1 => 'msg',
  2 => 'data',
  3 => 'url',
  4 => 'wait',
) ]
[ info ] [ LOG ] INIT File
[ sql ] [ DB ] CONNECT:[ UseTime:0.000634s ] mysql:host=127.0.0.1;dbname=robot;charset=utf8
[ sql ] [ SQL ] SHOW COLUMNS FROM `fa_user_token` [ RunTime:0.000826s ]
[ sql ] [ SQL ] SELECT * FROM `fa_user_token` WHERE  `token` = 'd8aa945b8448d8a41ab99c04b04f9e522294b47c' LIMIT 1 [ RunTime:0.000520s ]
---------------------------------------------------------------
[ 2019-05-27T23:36:18+08:00 ] 42.242.224.56 POST robot.xlove99.top/api/card/check
[运行时间：0.028604s] [吞吐率：34.96req/s] [内存消耗：2,866.37kb] [文件加载：120]
[ info ] [ BEHAVIOR ] Run Closure @app_init [ RunTime:0.000021s ]
[ info ] [ CACHE ] INIT File
[ info ] [ BEHAVIOR ] Run Closure @app_init [ RunTime:0.000765s ]
[ info ] [ LANG ] /www/wwwroot/robot/thinkphp/lang/zh-cn.php
[ info ] [ ROUTE ] array (
  'type' => 'module',
  'module' => 
  array (
    0 => 'api',
    1 => 'card',
    2 => 'check',
  ),
)
[ info ] [ HEADER ] array (
  'accept-language' => 'zh-CN,zh;q=0.8',
  'accept-encoding' => 'gzip, deflate, br',
  'referer' => 'https://www.hongle.tv/139961207',
  'content-type' => 'application/x-www-form-urlencoded; charset=UTF-8',
  'user-agent' => 'Mozilla/5.0 (Windows NT 6.1; WOW64) AppleWebKit/537.36 (KHTML, like Gecko) Chrome/55.0.2883.87 Safari/537.36',
  'origin' => 'https://www.hongle.tv',
  'accept' => '*/*',
  'content-length' => '44',
  'host' => 'robot.xlove99.top',
)
[ info ] [ PARAM ] array (
  'c' => 'dfc7659272225e2800544c1b21db631a19b26be607',
)
[ info ] [ LANG ] /www/wwwroot/robot/public/../application/api/lang/zh-cn.php
[ info ] [ BEHAVIOR ] Run app\common\behavior\Common @module_init [ RunTime:0.001262s ]
[ info ] [ RUN ] app\api\controller\Card->check[ /www/wwwroot/robot/application/api/controller/Card.php ]
[ info ] [ DB ] INIT mysql
[ info ] [ LOG ] INIT File
[ sql ] [ DB ] CONNECT:[ UseTime:0.000557s ] mysql:host=127.0.0.1;dbname=robot;charset=utf8
[ sql ] [ SQL ] SHOW COLUMNS FROM `fa_card` [ RunTime:0.000864s ]
[ sql ] [ SQL ] SELECT `userid`,`card_no`,`bind_host`,`expire_time`,`is_barrage`,`is_active`,`last_day` FROM `fa_card` WHERE  `card_no` = 'dfc7659272225e2800544c1b21db631a19b26be607' LIMIT 1 [ RunTime:0.000480s ]
[ sql ] [ SQL ] SHOW COLUMNS FROM `fa_response` [ RunTime:0.000704s ]
[ sql ] [ SQL ] SELECT * FROM `fa_response` WHERE  `userid` = 1000329 [ RunTime:0.000812s ]
---------------------------------------------------------------
[ 2019-05-27T23:36:18+08:00 ] 42.242.224.56 GET robot.xlove99.top/api/card/getconfig
[运行时间：0.027582s] [吞吐率：36.26req/s] [内存消耗：3,019.40kb] [文件加载：120]
[ info ] [ BEHAVIOR ] Run Closure @app_init [ RunTime:0.000021s ]
[ info ] [ CACHE ] INIT File
[ info ] [ BEHAVIOR ] Run Closure @app_init [ RunTime:0.000728s ]
[ info ] [ LANG ] /www/wwwroot/robot/thinkphp/lang/zh-cn.php
[ info ] [ ROUTE ] array (
  'type' => 'module',
  'module' => 
  array (
    0 => 'api',
    1 => 'card',
    2 => 'getconfig',
  ),
)
[ info ] [ HEADER ] array (
  'accept-language' => 'zh-CN,zh;q=0.8',
  'accept-encoding' => 'gzip, deflate, sdch, br',
  'referer' => 'https://www.hongle.tv/139961207',
  'user-agent' => 'Mozilla/5.0 (Windows NT 6.1; WOW64) AppleWebKit/537.36 (KHTML, like Gecko) Chrome/55.0.2883.87 Safari/537.36',
  'origin' => 'https://www.hongle.tv',
  'accept' => '*/*',
  'host' => 'robot.xlove99.top',
  'content-type' => '',
  'content-length' => '',
)
[ info ] [ PARAM ] array (
)
[ info ] [ LANG ] /www/wwwroot/robot/public/../application/api/lang/zh-cn.php
[ info ] [ BEHAVIOR ] Run app\common\behavior\Common @module_init [ RunTime:0.001129s ]
[ info ] [ RUN ] app\api\controller\Card->getConfig[ /www/wwwroot/robot/application/api/controller/Card.php ]
[ info ] [ DB ] INIT mysql
[ info ] [ LOG ] INIT File
[ sql ] [ DB ] CONNECT:[ UseTime:0.000512s ] mysql:host=127.0.0.1;dbname=robot;charset=utf8
[ sql ] [ SQL ] SHOW COLUMNS FROM `fa_config` [ RunTime:0.000793s ]
[ sql ] [ SQL ] SELECT * FROM `fa_config` WHERE  `group` = 'robot' [ RunTime:0.000457s ]
[ sql ] [ SQL ] SHOW COLUMNS FROM `fa_lvimg` [ RunTime:0.000599s ]
[ sql ] [ SQL ] SELECT * FROM `fa_lvimg` WHERE  `is_open` = '1' [ RunTime:0.000315s ]
[ sql ] [ SQL ] SHOW COLUMNS FROM `fa_present` [ RunTime:0.000478s ]
[ sql ] [ SQL ] SELECT * FROM `fa_present` WHERE  `is_effect` = '是' [ RunTime:0.000577s ]
---------------------------------------------------------------
[ 2019-05-27T23:44:12+08:00 ] 60.160.29.88 POST robot.xlove99.top/api/card/check
[运行时间：0.031367s] [吞吐率：31.88req/s] [内存消耗：2,866.49kb] [文件加载：120]
[ info ] [ BEHAVIOR ] Run Closure @app_init [ RunTime:0.000024s ]
[ info ] [ CACHE ] INIT File
[ info ] [ BEHAVIOR ] Run Closure @app_init [ RunTime:0.000901s ]
[ info ] [ LANG ] /www/wwwroot/robot/thinkphp/lang/zh-cn.php
[ info ] [ ROUTE ] array (
  'type' => 'module',
  'module' => 
  array (
    0 => 'api',
    1 => 'card',
    2 => 'check',
  ),
)
[ info ] [ HEADER ] array (
  'accept-language' => 'zh-CN,zh;q=0.9',
  'accept-encoding' => 'gzip, deflate, br',
  'referer' => 'https://www.hongle.tv/124258086',
  'content-type' => 'application/x-www-form-urlencoded; charset=UTF-8',
  'user-agent' => 'Mozilla/5.0 (Windows NT 6.1; WOW64) AppleWebKit/537.36 (KHTML, like Gecko) Chrome/69.0.3497.100 Safari/537.36',
  'origin' => 'https://www.hongle.tv',
  'accept' => '*/*',
  'content-length' => '44',
  'host' => 'robot.xlove99.top',
)
[ info ] [ PARAM ] array (
  'c' => '03511c96e02c36db26b7092b4a28b25725106e09df',
)
[ info ] [ LANG ] /www/wwwroot/robot/public/../application/api/lang/zh-cn.php
[ info ] [ BEHAVIOR ] Run app\common\behavior\Common @module_init [ RunTime:0.001767s ]
[ info ] [ RUN ] app\api\controller\Card->check[ /www/wwwroot/robot/application/api/controller/Card.php ]
[ info ] [ DB ] INIT mysql
[ info ] [ LOG ] INIT File
[ sql ] [ DB ] CONNECT:[ UseTime:0.000502s ] mysql:host=127.0.0.1;dbname=robot;charset=utf8
[ sql ] [ SQL ] SHOW COLUMNS FROM `fa_card` [ RunTime:0.000874s ]
[ sql ] [ SQL ] SELECT `userid`,`card_no`,`bind_host`,`expire_time`,`is_barrage`,`is_active`,`last_day` FROM `fa_card` WHERE  `card_no` = '03511c96e02c36db26b7092b4a28b25725106e09df' LIMIT 1 [ RunTime:0.000623s ]
[ sql ] [ SQL ] SHOW COLUMNS FROM `fa_response` [ RunTime:0.000660s ]
[ sql ] [ SQL ] SELECT * FROM `fa_response` WHERE  `userid` = 1000325 [ RunTime:0.000331s ]
---------------------------------------------------------------
[ 2019-05-27T23:44:13+08:00 ] 60.160.29.88 GET robot.xlove99.top/api/card/getconfig
[运行时间：0.031137s] [吞吐率：32.12req/s] [内存消耗：3,019.40kb] [文件加载：120]
[ info ] [ BEHAVIOR ] Run Closure @app_init [ RunTime:0.000030s ]
[ info ] [ CACHE ] INIT File
[ info ] [ BEHAVIOR ] Run Closure @app_init [ RunTime:0.000812s ]
[ info ] [ LANG ] /www/wwwroot/robot/thinkphp/lang/zh-cn.php
[ info ] [ ROUTE ] array (
  'type' => 'module',
  'module' => 
  array (
    0 => 'api',
    1 => 'card',
    2 => 'getconfig',
  ),
)
[ info ] [ HEADER ] array (
  'accept-language' => 'zh-CN,zh;q=0.9',
  'accept-encoding' => 'gzip, deflate, br',
  'referer' => 'https://www.hongle.tv/124258086',
  'user-agent' => 'Mozilla/5.0 (Windows NT 6.1; WOW64) AppleWebKit/537.36 (KHTML, like Gecko) Chrome/69.0.3497.100 Safari/537.36',
  'origin' => 'https://www.hongle.tv',
  'accept' => '*/*',
  'host' => 'robot.xlove99.top',
  'content-type' => '',
  'content-length' => '',
)
[ info ] [ PARAM ] array (
)
[ info ] [ LANG ] /www/wwwroot/robot/public/../application/api/lang/zh-cn.php
[ info ] [ BEHAVIOR ] Run app\common\behavior\Common @module_init [ RunTime:0.001207s ]
[ info ] [ RUN ] app\api\controller\Card->getConfig[ /www/wwwroot/robot/application/api/controller/Card.php ]
[ info ] [ DB ] INIT mysql
[ info ] [ LOG ] INIT File
[ sql ] [ DB ] CONNECT:[ UseTime:0.000745s ] mysql:host=127.0.0.1;dbname=robot;charset=utf8
[ sql ] [ SQL ] SHOW COLUMNS FROM `fa_config` [ RunTime:0.000820s ]
[ sql ] [ SQL ] SELECT * FROM `fa_config` WHERE  `group` = 'robot' [ RunTime:0.000404s ]
[ sql ] [ SQL ] SHOW COLUMNS FROM `fa_lvimg` [ RunTime:0.001140s ]
[ sql ] [ SQL ] SELECT * FROM `fa_lvimg` WHERE  `is_open` = '1' [ RunTime:0.000395s ]
[ sql ] [ SQL ] SHOW COLUMNS FROM `fa_present` [ RunTime:0.000746s ]
[ sql ] [ SQL ] SELECT * FROM `fa_present` WHERE  `is_effect` = '是' [ RunTime:0.000676s ]
---------------------------------------------------------------
[ 2019-05-27T23:44:21+08:00 ] 60.160.29.88 POST robot.xlove99.top/api/card/check
[运行时间：0.025960s] [吞吐率：38.52req/s] [内存消耗：2,866.49kb] [文件加载：120]
[ info ] [ BEHAVIOR ] Run Closure @app_init [ RunTime:0.000022s ]
[ info ] [ CACHE ] INIT File
[ info ] [ BEHAVIOR ] Run Closure @app_init [ RunTime:0.000725s ]
[ info ] [ LANG ] /www/wwwroot/robot/thinkphp/lang/zh-cn.php
[ info ] [ ROUTE ] array (
  'type' => 'module',
  'module' => 
  array (
    0 => 'api',
    1 => 'card',
    2 => 'check',
  ),
)
[ info ] [ HEADER ] array (
  'accept-language' => 'zh-CN,zh;q=0.9',
  'accept-encoding' => 'gzip, deflate, br',
  'referer' => 'https://www.hongle.tv/124258086',
  'content-type' => 'application/x-www-form-urlencoded; charset=UTF-8',
  'user-agent' => 'Mozilla/5.0 (Windows NT 6.1; WOW64) AppleWebKit/537.36 (KHTML, like Gecko) Chrome/69.0.3497.100 Safari/537.36',
  'origin' => 'https://www.hongle.tv',
  'accept' => '*/*',
  'content-length' => '44',
  'host' => 'robot.xlove99.top',
)
[ info ] [ PARAM ] array (
  'c' => '03511c96e02c36db26b7092b4a28b25725106e09df',
)
[ info ] [ LANG ] /www/wwwroot/robot/public/../application/api/lang/zh-cn.php
[ info ] [ BEHAVIOR ] Run app\common\behavior\Common @module_init [ RunTime:0.001150s ]
[ info ] [ RUN ] app\api\controller\Card->check[ /www/wwwroot/robot/application/api/controller/Card.php ]
[ info ] [ DB ] INIT mysql
[ info ] [ LOG ] INIT File
[ sql ] [ DB ] CONNECT:[ UseTime:0.000546s ] mysql:host=127.0.0.1;dbname=robot;charset=utf8
[ sql ] [ SQL ] SHOW COLUMNS FROM `fa_card` [ RunTime:0.000794s ]
[ sql ] [ SQL ] SELECT `userid`,`card_no`,`bind_host`,`expire_time`,`is_barrage`,`is_active`,`last_day` FROM `fa_card` WHERE  `card_no` = '03511c96e02c36db26b7092b4a28b25725106e09df' LIMIT 1 [ RunTime:0.000550s ]
[ sql ] [ SQL ] SHOW COLUMNS FROM `fa_response` [ RunTime:0.000464s ]
[ sql ] [ SQL ] SELECT * FROM `fa_response` WHERE  `userid` = 1000325 [ RunTime:0.000424s ]
---------------------------------------------------------------
[ 2019-05-27T23:44:21+08:00 ] 60.160.29.88 GET robot.xlove99.top/api/card/getconfig
[运行时间：0.028129s] [吞吐率：35.55req/s] [内存消耗：3,019.40kb] [文件加载：120]
[ info ] [ BEHAVIOR ] Run Closure @app_init [ RunTime:0.000021s ]
[ info ] [ CACHE ] INIT File
[ info ] [ BEHAVIOR ] Run Closure @app_init [ RunTime:0.000722s ]
[ info ] [ LANG ] /www/wwwroot/robot/thinkphp/lang/zh-cn.php
[ info ] [ ROUTE ] array (
  'type' => 'module',
  'module' => 
  array (
    0 => 'api',
    1 => 'card',
    2 => 'getconfig',
  ),
)
[ info ] [ HEADER ] array (
  'accept-language' => 'zh-CN,zh;q=0.9',
  'accept-encoding' => 'gzip, deflate, br',
  'referer' => 'https://www.hongle.tv/124258086',
  'user-agent' => 'Mozilla/5.0 (Windows NT 6.1; WOW64) AppleWebKit/537.36 (KHTML, like Gecko) Chrome/69.0.3497.100 Safari/537.36',
  'origin' => 'https://www.hongle.tv',
  'accept' => '*/*',
  'host' => 'robot.xlove99.top',
  'content-type' => '',
  'content-length' => '',
)
[ info ] [ PARAM ] array (
)
[ info ] [ LANG ] /www/wwwroot/robot/public/../application/api/lang/zh-cn.php
[ info ] [ BEHAVIOR ] Run app\common\behavior\Common @module_init [ RunTime:0.001136s ]
[ info ] [ RUN ] app\api\controller\Card->getConfig[ /www/wwwroot/robot/application/api/controller/Card.php ]
[ info ] [ DB ] INIT mysql
[ info ] [ LOG ] INIT File
[ sql ] [ DB ] CONNECT:[ UseTime:0.000470s ] mysql:host=127.0.0.1;dbname=robot;charset=utf8
[ sql ] [ SQL ] SHOW COLUMNS FROM `fa_config` [ RunTime:0.000790s ]
[ sql ] [ SQL ] SELECT * FROM `fa_config` WHERE  `group` = 'robot' [ RunTime:0.000391s ]
[ sql ] [ SQL ] SHOW COLUMNS FROM `fa_lvimg` [ RunTime:0.000583s ]
[ sql ] [ SQL ] SELECT * FROM `fa_lvimg` WHERE  `is_open` = '1' [ RunTime:0.000323s ]
[ sql ] [ SQL ] SHOW COLUMNS FROM `fa_present` [ RunTime:0.000520s ]
[ sql ] [ SQL ] SELECT * FROM `fa_present` WHERE  `is_effect` = '是' [ RunTime:0.000548s ]
---------------------------------------------------------------
[ 2019-05-27T23:44:29+08:00 ] 60.160.29.88 GET robot.xlove99.top/index/user/login.html
[运行时间：0.037361s] [吞吐率：26.77req/s] [内存消耗：3,700.81kb] [文件加载：136]
[ info ] [ BEHAVIOR ] Run Closure @app_init [ RunTime:0.000023s ]
[ info ] [ CACHE ] INIT File
[ info ] [ BEHAVIOR ] Run Closure @app_init [ RunTime:0.000779s ]
[ info ] [ LANG ] /www/wwwroot/robot/thinkphp/lang/zh-cn.php
[ info ] [ ROUTE ] array (
  'type' => 'module',
  'module' => 
  array (
    0 => 'index',
    1 => 'user',
    2 => 'login',
  ),
)
[ info ] [ HEADER ] array (
  'cookie' => 'uid=1000325; token=1880a92a-79fd-462e-a5d6-b313b3f18b7e',
  'accept-language' => 'zh-CN,zh;q=0.9',
  'accept-encoding' => 'gzip, deflate',
  'accept' => 'text/html,application/xhtml+xml,application/xml;q=0.9,image/webp,image/apng,*/*;q=0.8',
  'user-agent' => 'Mozilla/5.0 (Windows NT 6.1; WOW64) AppleWebKit/537.36 (KHTML, like Gecko) Chrome/69.0.3497.100 Safari/537.36',
  'upgrade-insecure-requests' => '1',
  'connection' => 'keep-alive',
  'host' => 'robot.xlove99.top',
  'content-type' => '',
  'content-length' => '',
)
[ info ] [ PARAM ] array (
)
[ info ] [ LANG ] /www/wwwroot/robot/public/../application/index/lang/zh-cn.php
[ info ] [ BEHAVIOR ] Run app\common\behavior\Common @module_init [ RunTime:0.001267s ]
[ info ] [ TOKEN ] INIT Mysql
[ info ] [ DB ] INIT mysql
[ info ] [ LANG ] /www/wwwroot/robot/public/../application/index/lang/zh-cn/user.php
[ info ] [ RUN ] app\index\controller\User->login[ /www/wwwroot/robot/application/index/controller/User.php ]
[ info ] [ VIEW ] /www/wwwroot/robot/public/../application/common/view/tpl/dispatch_jump.tpl [ array (
  0 => 'user',
  1 => 'site',
  2 => 'config',
  3 => 'code',
  4 => 'msg',
  5 => 'data',
  6 => 'url',
  7 => 'wait',
) ]
[ info ] [ LOG ] INIT File
[ sql ] [ DB ] CONNECT:[ UseTime:0.000501s ] mysql:host=127.0.0.1;dbname=robot;charset=utf8
[ sql ] [ SQL ] SHOW COLUMNS FROM `fa_user_token` [ RunTime:0.000981s ]
[ sql ] [ SQL ] SELECT * FROM `fa_user_token` WHERE  `token` = '92658cb551c009676c41e25ee892766f1f46d871' LIMIT 1 [ RunTime:0.000419s ]
[ sql ] [ SQL ] SHOW COLUMNS FROM `fa_user` [ RunTime:0.000903s ]
[ sql ] [ SQL ] SELECT * FROM `fa_user` WHERE  `id` = 1000325 LIMIT 1 [ RunTime:0.000656s ]
---------------------------------------------------------------
[ 2019-05-27T23:44:32+08:00 ] 60.160.29.88 GET robot.xlove99.top/index/user/index.html
[运行时间：0.036213s] [吞吐率：27.61req/s] [内存消耗：3,704.75kb] [文件加载：135]
[ info ] [ BEHAVIOR ] Run Closure @app_init [ RunTime:0.000041s ]
[ info ] [ CACHE ] INIT File
[ info ] [ BEHAVIOR ] Run Closure @app_init [ RunTime:0.000874s ]
[ info ] [ LANG ] /www/wwwroot/robot/thinkphp/lang/zh-cn.php
[ info ] [ ROUTE ] array (
  'type' => 'module',
  'module' => 
  array (
    0 => 'index',
    1 => 'user',
    2 => 'index',
  ),
)
[ info ] [ HEADER ] array (
  'cookie' => 'thinkphp_show_page_trace=0|0; uid=1000325; token=1880a92a-79fd-462e-a5d6-b313b3f18b7e',
  'accept-language' => 'zh-CN,zh;q=0.9',
  'accept-encoding' => 'gzip, deflate',
  'referer' => 'http://robot.xlove99.top/index/user/login.html',
  'accept' => 'text/html,application/xhtml+xml,application/xml;q=0.9,image/webp,image/apng,*/*;q=0.8',
  'user-agent' => 'Mozilla/5.0 (Windows NT 6.1; WOW64) AppleWebKit/537.36 (KHTML, like Gecko) Chrome/69.0.3497.100 Safari/537.36',
  'upgrade-insecure-requests' => '1',
  'connection' => 'keep-alive',
  'host' => 'robot.xlove99.top',
  'content-type' => '',
  'content-length' => '',
)
[ info ] [ PARAM ] array (
)
[ info ] [ LANG ] /www/wwwroot/robot/public/../application/index/lang/zh-cn.php
[ info ] [ BEHAVIOR ] Run app\common\behavior\Common @module_init [ RunTime:0.001213s ]
[ info ] [ TOKEN ] INIT Mysql
[ info ] [ DB ] INIT mysql
[ info ] [ LANG ] /www/wwwroot/robot/public/../application/index/lang/zh-cn/user.php
[ info ] [ RUN ] app\index\controller\User->index[ /www/wwwroot/robot/application/index/controller/User.php ]
[ info ] [ VIEW ] /www/wwwroot/robot/public/../application/index/view/user/index.html [ array (
  0 => 'user',
  1 => 'site',
  2 => 'config',
  3 => 'title',
) ]
[ info ] [ LOG ] INIT File
[ sql ] [ DB ] CONNECT:[ UseTime:0.000500s ] mysql:host=127.0.0.1;dbname=robot;charset=utf8
[ sql ] [ SQL ] SHOW COLUMNS FROM `fa_user_token` [ RunTime:0.000678s ]
[ sql ] [ SQL ] SELECT * FROM `fa_user_token` WHERE  `token` = '92658cb551c009676c41e25ee892766f1f46d871' LIMIT 1 [ RunTime:0.000306s ]
[ sql ] [ SQL ] SHOW COLUMNS FROM `fa_user` [ RunTime:0.000915s ]
[ sql ] [ SQL ] SELECT * FROM `fa_user` WHERE  `id` = 1000325 LIMIT 1 [ RunTime:0.000402s ]
---------------------------------------------------------------
[ 2019-05-27T23:44:33+08:00 ] 60.160.29.88 GET robot.xlove99.top/index/ajax/lang?callback=define&controllername=user&v=1558971872
[运行时间：0.038440s] [吞吐率：26.01req/s] [内存消耗：3,621.94kb] [文件加载：135]
[ info ] [ BEHAVIOR ] Run Closure @app_init [ RunTime:0.000022s ]
[ info ] [ CACHE ] INIT File
[ info ] [ BEHAVIOR ] Run Closure @app_init [ RunTime:0.000779s ]
[ info ] [ LANG ] /www/wwwroot/robot/thinkphp/lang/zh-cn.php
[ info ] [ ROUTE ] array (
  'type' => 'module',
  'module' => 
  array (
    0 => 'index',
    1 => 'ajax',
    2 => 'lang',
  ),
)
[ info ] [ HEADER ] array (
  'cookie' => 'uid=1000325; token=1880a92a-79fd-462e-a5d6-b313b3f18b7e',
  'accept-language' => 'zh-CN,zh;q=0.9',
  'accept-encoding' => 'gzip, deflate',
  'referer' => 'http://robot.xlove99.top/index/user/index.html',
  'accept' => '*/*',
  'user-agent' => 'Mozilla/5.0 (Windows NT 6.1; WOW64) AppleWebKit/537.36 (KHTML, like Gecko) Chrome/69.0.3497.100 Safari/537.36',
  'connection' => 'keep-alive',
  'host' => 'robot.xlove99.top',
  'content-type' => '',
  'content-length' => '',
)
[ info ] [ PARAM ] array (
  'callback' => 'define',
  'controllername' => 'user',
  'v' => '1558971872',
)
[ info ] [ LANG ] /www/wwwroot/robot/public/../application/index/lang/zh-cn.php
[ info ] [ BEHAVIOR ] Run app\common\behavior\Common @module_init [ RunTime:0.001662s ]
[ info ] [ TOKEN ] INIT Mysql
[ info ] [ DB ] INIT mysql
[ info ] [ LANG ] /www/wwwroot/robot/public/../application/index/lang/zh-cn/ajax.php
[ info ] [ RUN ] app\index\controller\Ajax->lang[ /www/wwwroot/robot/application/index/controller/Ajax.php ]
[ info ] [ LANG ] /www/wwwroot/robot/public/../application/index/lang/zh-cn/user.php
[ info ] [ LOG ] INIT File
[ sql ] [ DB ] CONNECT:[ UseTime:0.000623s ] mysql:host=127.0.0.1;dbname=robot;charset=utf8
[ sql ] [ SQL ] SHOW COLUMNS FROM `fa_user_token` [ RunTime:0.000885s ]
[ sql ] [ SQL ] SELECT * FROM `fa_user_token` WHERE  `token` = '92658cb551c009676c41e25ee892766f1f46d871' LIMIT 1 [ RunTime:0.000485s ]
[ sql ] [ SQL ] SHOW COLUMNS FROM `fa_user` [ RunTime:0.000880s ]
[ sql ] [ SQL ] SELECT * FROM `fa_user` WHERE  `id` = 1000325 LIMIT 1 [ RunTime:0.000677s ]
---------------------------------------------------------------
[ 2019-05-27T23:44:40+08:00 ] 60.160.29.88 GET robot.xlove99.top/index/user/profile.html
[运行时间：0.035958s] [吞吐率：27.81req/s] [内存消耗：3,716.20kb] [文件加载：135]
[ info ] [ BEHAVIOR ] Run Closure @app_init [ RunTime:0.000022s ]
[ info ] [ CACHE ] INIT File
[ info ] [ BEHAVIOR ] Run Closure @app_init [ RunTime:0.000725s ]
[ info ] [ LANG ] /www/wwwroot/robot/thinkphp/lang/zh-cn.php
[ info ] [ ROUTE ] array (
  'type' => 'module',
  'module' => 
  array (
    0 => 'index',
    1 => 'user',
    2 => 'profile',
  ),
)
[ info ] [ HEADER ] array (
  'cookie' => 'thinkphp_show_page_trace=0|0; uid=1000325; token=1880a92a-79fd-462e-a5d6-b313b3f18b7e',
  'accept-language' => 'zh-CN,zh;q=0.9',
  'accept-encoding' => 'gzip, deflate',
  'referer' => 'http://robot.xlove99.top/index/user/index.html',
  'accept' => 'text/html,application/xhtml+xml,application/xml;q=0.9,image/webp,image/apng,*/*;q=0.8',
  'user-agent' => 'Mozilla/5.0 (Windows NT 6.1; WOW64) AppleWebKit/537.36 (KHTML, like Gecko) Chrome/69.0.3497.100 Safari/537.36',
  'upgrade-insecure-requests' => '1',
  'connection' => 'keep-alive',
  'host' => 'robot.xlove99.top',
  'content-type' => '',
  'content-length' => '',
)
[ info ] [ PARAM ] array (
)
[ info ] [ LANG ] /www/wwwroot/robot/public/../application/index/lang/zh-cn.php
[ info ] [ BEHAVIOR ] Run app\common\behavior\Common @module_init [ RunTime:0.001170s ]
[ info ] [ TOKEN ] INIT Mysql
[ info ] [ DB ] INIT mysql
[ info ] [ LANG ] /www/wwwroot/robot/public/../application/index/lang/zh-cn/user.php
[ info ] [ RUN ] app\index\controller\User->profile[ /www/wwwroot/robot/application/index/controller/User.php ]
[ info ] [ VIEW ] /www/wwwroot/robot/public/../application/index/view/user/profile.html [ array (
  0 => 'user',
  1 => 'site',
  2 => 'config',
  3 => 'title',
) ]
[ info ] [ SESSION ] INIT array (
  'id' => '',
  'var_session_id' => '',
  'prefix' => 'think',
  'type' => '',
  'auto_start' => true,
)
[ info ] [ LOG ] INIT File
[ sql ] [ DB ] CONNECT:[ UseTime:0.000527s ] mysql:host=127.0.0.1;dbname=robot;charset=utf8
[ sql ] [ SQL ] SHOW COLUMNS FROM `fa_user_token` [ RunTime:0.000678s ]
[ sql ] [ SQL ] SELECT * FROM `fa_user_token` WHERE  `token` = '92658cb551c009676c41e25ee892766f1f46d871' LIMIT 1 [ RunTime:0.000339s ]
[ sql ] [ SQL ] SHOW COLUMNS FROM `fa_user` [ RunTime:0.001172s ]
[ sql ] [ SQL ] SELECT * FROM `fa_user` WHERE  `id` = 1000325 LIMIT 1 [ RunTime:0.000469s ]
---------------------------------------------------------------
[ 2019-05-27T23:44:41+08:00 ] 60.160.29.88 GET robot.xlove99.top/index/ajax/lang?callback=define&controllername=user&v=1558971880
[运行时间：0.034094s] [吞吐率：29.33req/s] [内存消耗：3,622.03kb] [文件加载：135]
[ info ] [ BEHAVIOR ] Run Closure @app_init [ RunTime:0.000019s ]
[ info ] [ CACHE ] INIT File
[ info ] [ BEHAVIOR ] Run Closure @app_init [ RunTime:0.000694s ]
[ info ] [ LANG ] /www/wwwroot/robot/thinkphp/lang/zh-cn.php
[ info ] [ ROUTE ] array (
  'type' => 'module',
  'module' => 
  array (
    0 => 'index',
    1 => 'ajax',
    2 => 'lang',
  ),
)
[ info ] [ HEADER ] array (
  'cookie' => 'uid=1000325; token=1880a92a-79fd-462e-a5d6-b313b3f18b7e; PHPSESSID=va8msf9kois749lnbomc7kvglm',
  'accept-language' => 'zh-CN,zh;q=0.9',
  'accept-encoding' => 'gzip, deflate',
  'referer' => 'http://robot.xlove99.top/index/user/profile.html',
  'accept' => '*/*',
  'user-agent' => 'Mozilla/5.0 (Windows NT 6.1; WOW64) AppleWebKit/537.36 (KHTML, like Gecko) Chrome/69.0.3497.100 Safari/537.36',
  'connection' => 'keep-alive',
  'host' => 'robot.xlove99.top',
  'content-type' => '',
  'content-length' => '',
)
[ info ] [ PARAM ] array (
  'callback' => 'define',
  'controllername' => 'user',
  'v' => '1558971880',
)
[ info ] [ LANG ] /www/wwwroot/robot/public/../application/index/lang/zh-cn.php
[ info ] [ BEHAVIOR ] Run app\common\behavior\Common @module_init [ RunTime:0.001174s ]
[ info ] [ TOKEN ] INIT Mysql
[ info ] [ DB ] INIT mysql
[ info ] [ LANG ] /www/wwwroot/robot/public/../application/index/lang/zh-cn/ajax.php
[ info ] [ RUN ] app\index\controller\Ajax->lang[ /www/wwwroot/robot/application/index/controller/Ajax.php ]
[ info ] [ LANG ] /www/wwwroot/robot/public/../application/index/lang/zh-cn/user.php
[ info ] [ LOG ] INIT File
[ sql ] [ DB ] CONNECT:[ UseTime:0.000552s ] mysql:host=127.0.0.1;dbname=robot;charset=utf8
[ sql ] [ SQL ] SHOW COLUMNS FROM `fa_user_token` [ RunTime:0.000748s ]
[ sql ] [ SQL ] SELECT * FROM `fa_user_token` WHERE  `token` = '92658cb551c009676c41e25ee892766f1f46d871' LIMIT 1 [ RunTime:0.000533s ]
[ sql ] [ SQL ] SHOW COLUMNS FROM `fa_user` [ RunTime:0.000913s ]
[ sql ] [ SQL ] SELECT * FROM `fa_user` WHERE  `id` = 1000325 LIMIT 1 [ RunTime:0.000362s ]
---------------------------------------------------------------
[ 2019-05-27T23:49:52+08:00 ] 123.174.41.17 POST robot.xlove99.top/api/card/check
[运行时间：0.026733s] [吞吐率：37.41req/s] [内存消耗：2,866.49kb] [文件加载：120]
[ info ] [ BEHAVIOR ] Run Closure @app_init [ RunTime:0.000020s ]
[ info ] [ CACHE ] INIT File
[ info ] [ BEHAVIOR ] Run Closure @app_init [ RunTime:0.000812s ]
[ info ] [ LANG ] /www/wwwroot/robot/thinkphp/lang/zh-cn.php
[ info ] [ ROUTE ] array (
  'type' => 'module',
  'module' => 
  array (
    0 => 'api',
    1 => 'card',
    2 => 'check',
  ),
)
[ info ] [ HEADER ] array (
  'accept-language' => 'zh-CN,zh;q=0.9',
  'accept-encoding' => 'gzip, deflate, br',
  'referer' => 'https://www.hongle.tv/167800086',
  'content-type' => 'application/x-www-form-urlencoded; charset=UTF-8',
  'user-agent' => 'Mozilla/5.0 (Windows NT 6.1; WOW64) AppleWebKit/537.36 (KHTML, like Gecko) Chrome/69.0.3497.100 Safari/537.36',
  'origin' => 'https://www.hongle.tv',
  'accept' => '*/*',
  'content-length' => '44',
  'host' => 'robot.xlove99.top',
)
[ info ] [ PARAM ] array (
  'c' => '12bb6715441750c42a08ac8e8152676817948b52ff',
)
[ info ] [ LANG ] /www/wwwroot/robot/public/../application/api/lang/zh-cn.php
[ info ] [ BEHAVIOR ] Run app\common\behavior\Common @module_init [ RunTime:0.001150s ]
[ info ] [ RUN ] app\api\controller\Card->check[ /www/wwwroot/robot/application/api/controller/Card.php ]
[ info ] [ DB ] INIT mysql
[ info ] [ LOG ] INIT File
[ sql ] [ DB ] CONNECT:[ UseTime:0.000404s ] mysql:host=127.0.0.1;dbname=robot;charset=utf8
[ sql ] [ SQL ] SHOW COLUMNS FROM `fa_card` [ RunTime:0.000850s ]
[ sql ] [ SQL ] SELECT `userid`,`card_no`,`bind_host`,`expire_time`,`is_barrage`,`is_active`,`last_day` FROM `fa_card` WHERE  `card_no` = '12bb6715441750c42a08ac8e8152676817948b52ff' LIMIT 1 [ RunTime:0.000505s ]
[ sql ] [ SQL ] SHOW COLUMNS FROM `fa_response` [ RunTime:0.000574s ]
[ sql ] [ SQL ] SELECT * FROM `fa_response` WHERE  `userid` = 77245 [ RunTime:0.000227s ]
---------------------------------------------------------------
[ 2019-05-27T23:49:52+08:00 ] 123.174.41.17 GET robot.xlove99.top/api/card/getconfig
[运行时间：0.028312s] [吞吐率：35.32req/s] [内存消耗：3,019.40kb] [文件加载：120]
[ info ] [ BEHAVIOR ] Run Closure @app_init [ RunTime:0.000027s ]
[ info ] [ CACHE ] INIT File
[ info ] [ BEHAVIOR ] Run Closure @app_init [ RunTime:0.000783s ]
[ info ] [ LANG ] /www/wwwroot/robot/thinkphp/lang/zh-cn.php
[ info ] [ ROUTE ] array (
  'type' => 'module',
  'module' => 
  array (
    0 => 'api',
    1 => 'card',
    2 => 'getconfig',
  ),
)
[ info ] [ HEADER ] array (
  'accept-language' => 'zh-CN,zh;q=0.9',
  'accept-encoding' => 'gzip, deflate, br',
  'referer' => 'https://www.hongle.tv/167800086',
  'user-agent' => 'Mozilla/5.0 (Windows NT 6.1; WOW64) AppleWebKit/537.36 (KHTML, like Gecko) Chrome/69.0.3497.100 Safari/537.36',
  'origin' => 'https://www.hongle.tv',
  'accept' => '*/*',
  'host' => 'robot.xlove99.top',
  'content-type' => '',
  'content-length' => '',
)
[ info ] [ PARAM ] array (
)
[ info ] [ LANG ] /www/wwwroot/robot/public/../application/api/lang/zh-cn.php
[ info ] [ BEHAVIOR ] Run app\common\behavior\Common @module_init [ RunTime:0.001203s ]
[ info ] [ RUN ] app\api\controller\Card->getConfig[ /www/wwwroot/robot/application/api/controller/Card.php ]
[ info ] [ DB ] INIT mysql
[ info ] [ LOG ] INIT File
[ sql ] [ DB ] CONNECT:[ UseTime:0.000470s ] mysql:host=127.0.0.1;dbname=robot;charset=utf8
[ sql ] [ SQL ] SHOW COLUMNS FROM `fa_config` [ RunTime:0.000701s ]
[ sql ] [ SQL ] SELECT * FROM `fa_config` WHERE  `group` = 'robot' [ RunTime:0.000411s ]
[ sql ] [ SQL ] SHOW COLUMNS FROM `fa_lvimg` [ RunTime:0.000498s ]
[ sql ] [ SQL ] SELECT * FROM `fa_lvimg` WHERE  `is_open` = '1' [ RunTime:0.000302s ]
[ sql ] [ SQL ] SHOW COLUMNS FROM `fa_present` [ RunTime:0.000686s ]
[ sql ] [ SQL ] SELECT * FROM `fa_present` WHERE  `is_effect` = '是' [ RunTime:0.000569s ]
