[ 2019-05-29T09:18:28+08:00 ][ info ] [ BEHAVIOR ] Run Closure @app_init [ RunTime:0.000149s ]
[ info ] [ LOG ] INIT File
[ 2019-05-29T09:18:28+08:00 ][ info ] [ CACHE ] INIT File
[ 2019-05-29T09:18:28+08:00 ][ info ] [ BEHAVIOR ] Run Closure @app_init [ RunTime:0.001422s ]
[ 2019-05-29T09:18:28+08:00 ][ info ] [ DB ] INIT mysql
[ 2019-05-29T09:18:28+08:00 ][ sql ] [ DB ] CONNECT:[ UseTime:0.000868s ] mysql:host=127.0.0.1;dbname=robot;charset=utf8
[ 2019-05-29T09:18:28+08:00 ][ sql ] [ SQL ] SHOW TABLE STATUS LIKE 'guide' [ RunTime:0.000505s ]
[ 2019-05-29T09:18:28+08:00 ][ sql ] [ SQL ] SHOW TABLE STATUS LIKE 'fa_guide' [ RunTime:0.000599s ]
[ 2019-05-29T09:18:28+08:00 ][ sql ] [ SQL ] SELECT * FROM `information_schema`.`columns` WHERE TABLE_SCHEMA = 'robot' AND table_name = 'fa_guide' ORDER BY ORDINAL_POSITION [ RunTime:0.000954s ]
[ 2019-05-29T09:18:28+08:00 ][ info ] [ BEHAVIOR ] Run Closure @app_init [ RunTime:0.000168s ]
[ info ] [ LOG ] INIT File
[ 2019-05-29T09:18:28+08:00 ][ info ] [ CACHE ] INIT File
[ 2019-05-29T09:18:28+08:00 ][ info ] [ BEHAVIOR ] Run Closure @app_init [ RunTime:0.001584s ]
[ 2019-05-29T09:18:28+08:00 ][ info ] [ DB ] INIT mysql
[ 2019-05-29T09:18:28+08:00 ][ info ] [ DB ] INIT mysql
[ 2019-05-29T09:18:28+08:00 ][ info ] [ LANG ] /www/wwwroot/robot/application/admin/lang/zh-cn.php
[ 2019-05-29T09:18:28+08:00 ][ sql ] [ DB ] CONNECT:[ UseTime:0.000606s ] mysql:host=127.0.0.1;dbname=robot;charset=utf8
[ 2019-05-29T09:18:28+08:00 ][ sql ] [ SQL ] SHOW COLUMNS FROM `fa_auth_rule` [ RunTime:0.000969s ]
[ 2019-05-29T09:18:28+08:00 ][ sql ] [ SQL ] SELECT * FROM `fa_auth_rule` WHERE  `name` = 'guide' LIMIT 1 [ RunTime:0.000529s ]
[ 2019-05-29T09:18:28+08:00 ][ sql ] [ SQL ] INSERT INTO `fa_auth_rule` (`pid` , `name` , `title` , `icon` , `remark` , `ismenu` , `status` , `createtime` , `updatetime`) VALUES (0 , 'guide' , '引导词管理' , 'fa fa-circle-o' , '' , 1 , 'normal' , 1559092708 , 1559092708) [ RunTime:0.004985s ]
[ 2019-05-29T09:18:28+08:00 ][ sql ] [ SQL ] SELECT `id` FROM `fa_auth_rule` WHERE  `name` = 'guide/index' LIMIT 1 [ RunTime:0.000588s ]
[ 2019-05-29T09:18:28+08:00 ][ sql ] [ SQL ] SELECT `id` FROM `fa_auth_rule` WHERE  `name` = 'guide/add' LIMIT 1 [ RunTime:0.000274s ]
[ 2019-05-29T09:18:28+08:00 ][ sql ] [ SQL ] SELECT `id` FROM `fa_auth_rule` WHERE  `name` = 'guide/edit' LIMIT 1 [ RunTime:0.000238s ]
[ 2019-05-29T09:18:28+08:00 ][ sql ] [ SQL ] SELECT `id` FROM `fa_auth_rule` WHERE  `name` = 'guide/del' LIMIT 1 [ RunTime:0.000404s ]
[ 2019-05-29T09:18:28+08:00 ][ sql ] [ SQL ] SELECT `id` FROM `fa_auth_rule` WHERE  `name` = 'guide/multi' LIMIT 1 [ RunTime:0.000220s ]
[ 2019-05-29T09:18:28+08:00 ][ sql ] [ SQL ] INSERT INTO `fa_auth_rule` (`id` , `pid` , `name` , `icon` , `title` , `ismenu` , `status` , `createtime` , `updatetime`) VALUES (NULL , 115 , 'guide/index' , 'fa fa-circle-o' , '查看' , 0 , 'normal' , 1559092708 , 1559092708) [ RunTime:0.000342s ]
[ 2019-05-29T09:18:28+08:00 ][ sql ] [ SQL ] INSERT INTO `fa_auth_rule` (`id` , `pid` , `name` , `icon` , `title` , `ismenu` , `status` , `createtime` , `updatetime`) VALUES (NULL , 115 , 'guide/add' , 'fa fa-circle-o' , '添加' , 0 , 'normal' , 1559092708 , 1559092708) [ RunTime:0.000291s ]
[ 2019-05-29T09:18:28+08:00 ][ sql ] [ SQL ] INSERT INTO `fa_auth_rule` (`id` , `pid` , `name` , `icon` , `title` , `ismenu` , `status` , `createtime` , `updatetime`) VALUES (NULL , 115 , 'guide/edit' , 'fa fa-circle-o' , '编辑' , 0 , 'normal' , 1559092708 , 1559092708) [ RunTime:0.000247s ]
[ 2019-05-29T09:18:28+08:00 ][ sql ] [ SQL ] INSERT INTO `fa_auth_rule` (`id` , `pid` , `name` , `icon` , `title` , `ismenu` , `status` , `createtime` , `updatetime`) VALUES (NULL , 115 , 'guide/del' , 'fa fa-circle-o' , '删除' , 0 , 'normal' , 1559092708 , 1559092708) [ RunTime:0.000408s ]
[ 2019-05-29T09:18:28+08:00 ][ sql ] [ SQL ] INSERT INTO `fa_auth_rule` (`id` , `pid` , `name` , `icon` , `title` , `ismenu` , `status` , `createtime` , `updatetime`) VALUES (NULL , 115 , 'guide/multi' , 'fa fa-circle-o' , '批量更新' , 0 , 'normal' , 1559092708 , 1559092708) [ RunTime:0.000337s ]
[ 2019-05-29T09:31:00+08:00 ][ info ] [ BEHAVIOR ] Run Closure @app_init [ RunTime:0.000152s ]
[ info ] [ LOG ] INIT File
[ 2019-05-29T09:31:00+08:00 ][ info ] [ CACHE ] INIT File
[ 2019-05-29T09:31:00+08:00 ][ info ] [ BEHAVIOR ] Run Closure @app_init [ RunTime:0.001428s ]
[ 2019-05-29T09:31:00+08:00 ][ info ] [ DB ] INIT mysql
[ 2019-05-29T09:31:00+08:00 ][ sql ] [ DB ] CONNECT:[ UseTime:0.000732s ] mysql:host=127.0.0.1;dbname=robot;charset=utf8
[ 2019-05-29T09:31:00+08:00 ][ sql ] [ SQL ] SHOW TABLE STATUS LIKE 'guide' [ RunTime:0.000490s ]
[ 2019-05-29T09:31:00+08:00 ][ sql ] [ SQL ] SHOW TABLE STATUS LIKE 'fa_guide' [ RunTime:0.000486s ]
[ 2019-05-29T09:31:00+08:00 ][ sql ] [ SQL ] SELECT * FROM `information_schema`.`columns` WHERE TABLE_SCHEMA = 'robot' AND table_name = 'fa_guide' ORDER BY ORDINAL_POSITION [ RunTime:0.000810s ]
[ 2019-05-29T09:31:00+08:00 ][ info ] [ BEHAVIOR ] Run Closure @app_init [ RunTime:0.000131s ]
[ info ] [ LOG ] INIT File
[ 2019-05-29T09:31:00+08:00 ][ info ] [ CACHE ] INIT File
[ 2019-05-29T09:31:00+08:00 ][ info ] [ BEHAVIOR ] Run Closure @app_init [ RunTime:0.001890s ]
[ 2019-05-29T09:31:00+08:00 ][ info ] [ DB ] INIT mysql
[ 2019-05-29T09:31:00+08:00 ][ info ] [ DB ] INIT mysql
[ 2019-05-29T09:31:00+08:00 ][ info ] [ LANG ] /www/wwwroot/robot/application/admin/lang/zh-cn.php
[ 2019-05-29T09:31:00+08:00 ][ sql ] [ DB ] CONNECT:[ UseTime:0.000622s ] mysql:host=127.0.0.1;dbname=robot;charset=utf8
[ 2019-05-29T09:31:00+08:00 ][ sql ] [ SQL ] SHOW COLUMNS FROM `fa_auth_rule` [ RunTime:0.000747s ]
[ 2019-05-29T09:31:00+08:00 ][ sql ] [ SQL ] SELECT * FROM `fa_auth_rule` WHERE  `name` = 'guide' LIMIT 1 [ RunTime:0.000404s ]
[ 2019-05-29T09:31:00+08:00 ][ sql ] [ SQL ] SELECT `id` FROM `fa_auth_rule` WHERE  `name` = 'guide/index' LIMIT 1 [ RunTime:0.000460s ]
[ 2019-05-29T09:31:00+08:00 ][ sql ] [ SQL ] SELECT `id` FROM `fa_auth_rule` WHERE  `name` = 'guide/add' LIMIT 1 [ RunTime:0.000263s ]
[ 2019-05-29T09:31:00+08:00 ][ sql ] [ SQL ] SELECT `id` FROM `fa_auth_rule` WHERE  `name` = 'guide/edit' LIMIT 1 [ RunTime:0.000275s ]
[ 2019-05-29T09:31:00+08:00 ][ sql ] [ SQL ] SELECT `id` FROM `fa_auth_rule` WHERE  `name` = 'guide/del' LIMIT 1 [ RunTime:0.000165s ]
[ 2019-05-29T09:31:00+08:00 ][ sql ] [ SQL ] SELECT `id` FROM `fa_auth_rule` WHERE  `name` = 'guide/multi' LIMIT 1 [ RunTime:0.000181s ]
[ 2019-05-29T09:31:00+08:00 ][ sql ] [ SQL ] UPDATE `fa_auth_rule`  SET `pid`=115,`name`='guide/index',`icon`='fa fa-circle-o',`title`='查看',`ismenu`=0,`status`='normal',`updatetime`=1559093460  WHERE  `id` = 116 [ RunTime:0.000400s ]
[ 2019-05-29T09:31:00+08:00 ][ sql ] [ SQL ] UPDATE `fa_auth_rule`  SET `pid`=115,`name`='guide/add',`icon`='fa fa-circle-o',`title`='添加',`ismenu`=0,`status`='normal',`updatetime`=1559093460  WHERE  `id` = 117 [ RunTime:0.000230s ]
[ 2019-05-29T09:31:00+08:00 ][ sql ] [ SQL ] UPDATE `fa_auth_rule`  SET `pid`=115,`name`='guide/edit',`icon`='fa fa-circle-o',`title`='编辑',`ismenu`=0,`status`='normal',`updatetime`=1559093460  WHERE  `id` = 118 [ RunTime:0.000196s ]
[ 2019-05-29T09:31:00+08:00 ][ sql ] [ SQL ] UPDATE `fa_auth_rule`  SET `pid`=115,`name`='guide/del',`icon`='fa fa-circle-o',`title`='删除',`ismenu`=0,`status`='normal',`updatetime`=1559093460  WHERE  `id` = 119 [ RunTime:0.000295s ]
[ 2019-05-29T09:31:00+08:00 ][ sql ] [ SQL ] UPDATE `fa_auth_rule`  SET `pid`=115,`name`='guide/multi',`icon`='fa fa-circle-o',`title`='批量更新',`ismenu`=0,`status`='normal',`updatetime`=1559093460  WHERE  `id` = 120 [ RunTime:0.000238s ]
[ 2019-05-29T09:36:15+08:00 ][ info ] [ BEHAVIOR ] Run Closure @app_init [ RunTime:0.000173s ]
[ info ] [ LOG ] INIT File
[ 2019-05-29T09:36:15+08:00 ][ info ] [ CACHE ] INIT File
[ 2019-05-29T09:36:15+08:00 ][ info ] [ BEHAVIOR ] Run Closure @app_init [ RunTime:0.001003s ]
[ 2019-05-29T09:36:15+08:00 ][ info ] [ DB ] INIT mysql
[ 2019-05-29T09:36:15+08:00 ][ sql ] [ DB ] CONNECT:[ UseTime:0.000599s ] mysql:host=127.0.0.1;dbname=robot;charset=utf8
[ 2019-05-29T09:36:15+08:00 ][ sql ] [ SQL ] SHOW TABLE STATUS LIKE 'guide' [ RunTime:0.000525s ]
[ 2019-05-29T09:36:15+08:00 ][ sql ] [ SQL ] SHOW TABLE STATUS LIKE 'fa_guide' [ RunTime:0.000583s ]
[ 2019-05-29T09:36:15+08:00 ][ sql ] [ SQL ] SELECT * FROM `information_schema`.`columns` WHERE TABLE_SCHEMA = 'robot' AND table_name = 'fa_guide' ORDER BY ORDINAL_POSITION [ RunTime:0.001027s ]
[ 2019-05-29T09:36:15+08:00 ][ info ] [ BEHAVIOR ] Run Closure @app_init [ RunTime:0.000150s ]
[ info ] [ LOG ] INIT File
[ 2019-05-29T09:36:15+08:00 ][ info ] [ CACHE ] INIT File
[ 2019-05-29T09:36:15+08:00 ][ info ] [ BEHAVIOR ] Run Closure @app_init [ RunTime:0.001053s ]
[ 2019-05-29T09:36:15+08:00 ][ info ] [ DB ] INIT mysql
[ 2019-05-29T09:36:15+08:00 ][ info ] [ DB ] INIT mysql
[ 2019-05-29T09:36:15+08:00 ][ info ] [ LANG ] /www/wwwroot/robot/application/admin/lang/zh-cn.php
[ 2019-05-29T09:36:15+08:00 ][ sql ] [ DB ] CONNECT:[ UseTime:0.000768s ] mysql:host=127.0.0.1;dbname=robot;charset=utf8
[ 2019-05-29T09:36:15+08:00 ][ sql ] [ SQL ] SHOW COLUMNS FROM `fa_auth_rule` [ RunTime:0.000928s ]
[ 2019-05-29T09:36:15+08:00 ][ sql ] [ SQL ] SELECT * FROM `fa_auth_rule` WHERE  `name` = 'guide' LIMIT 1 [ RunTime:0.000416s ]
[ 2019-05-29T09:36:15+08:00 ][ sql ] [ SQL ] SELECT `id` FROM `fa_auth_rule` WHERE  `name` = 'guide/index' LIMIT 1 [ RunTime:0.000256s ]
[ 2019-05-29T09:36:15+08:00 ][ sql ] [ SQL ] SELECT `id` FROM `fa_auth_rule` WHERE  `name` = 'guide/add' LIMIT 1 [ RunTime:0.000199s ]
[ 2019-05-29T09:36:15+08:00 ][ sql ] [ SQL ] SELECT `id` FROM `fa_auth_rule` WHERE  `name` = 'guide/edit' LIMIT 1 [ RunTime:0.000191s ]
[ 2019-05-29T09:36:15+08:00 ][ sql ] [ SQL ] SELECT `id` FROM `fa_auth_rule` WHERE  `name` = 'guide/del' LIMIT 1 [ RunTime:0.000416s ]
[ 2019-05-29T09:36:15+08:00 ][ sql ] [ SQL ] SELECT `id` FROM `fa_auth_rule` WHERE  `name` = 'guide/multi' LIMIT 1 [ RunTime:0.000313s ]
[ 2019-05-29T09:36:15+08:00 ][ sql ] [ SQL ] UPDATE `fa_auth_rule`  SET `pid`=115,`name`='guide/index',`icon`='fa fa-circle-o',`title`='查看',`ismenu`=0,`status`='normal',`updatetime`=1559093775  WHERE  `id` = 116 [ RunTime:0.000387s ]
[ 2019-05-29T09:36:15+08:00 ][ sql ] [ SQL ] UPDATE `fa_auth_rule`  SET `pid`=115,`name`='guide/add',`icon`='fa fa-circle-o',`title`='添加',`ismenu`=0,`status`='normal',`updatetime`=1559093775  WHERE  `id` = 117 [ RunTime:0.000371s ]
[ 2019-05-29T09:36:15+08:00 ][ sql ] [ SQL ] UPDATE `fa_auth_rule`  SET `pid`=115,`name`='guide/edit',`icon`='fa fa-circle-o',`title`='编辑',`ismenu`=0,`status`='normal',`updatetime`=1559093775  WHERE  `id` = 118 [ RunTime:0.000284s ]
[ 2019-05-29T09:36:15+08:00 ][ sql ] [ SQL ] UPDATE `fa_auth_rule`  SET `pid`=115,`name`='guide/del',`icon`='fa fa-circle-o',`title`='删除',`ismenu`=0,`status`='normal',`updatetime`=1559093775  WHERE  `id` = 119 [ RunTime:0.000335s ]
[ 2019-05-29T09:36:15+08:00 ][ sql ] [ SQL ] UPDATE `fa_auth_rule`  SET `pid`=115,`name`='guide/multi',`icon`='fa fa-circle-o',`title`='批量更新',`ismenu`=0,`status`='normal',`updatetime`=1559093775  WHERE  `id` = 120 [ RunTime:0.000261s ]
[ 2019-05-29T09:39:39+08:00 ][ info ] [ BEHAVIOR ] Run Closure @app_init [ RunTime:0.000172s ]
[ info ] [ LOG ] INIT File
[ 2019-05-29T09:39:39+08:00 ][ info ] [ CACHE ] INIT File
[ 2019-05-29T09:39:39+08:00 ][ info ] [ BEHAVIOR ] Run Closure @app_init [ RunTime:0.001588s ]
[ 2019-05-29T09:39:39+08:00 ][ info ] [ DB ] INIT mysql
[ 2019-05-29T09:39:39+08:00 ][ sql ] [ DB ] CONNECT:[ UseTime:0.000746s ] mysql:host=127.0.0.1;dbname=robot;charset=utf8
[ 2019-05-29T09:39:39+08:00 ][ sql ] [ SQL ] SHOW TABLE STATUS LIKE 'guide' [ RunTime:0.000664s ]
[ 2019-05-29T09:39:39+08:00 ][ sql ] [ SQL ] SHOW TABLE STATUS LIKE 'fa_guide' [ RunTime:0.000464s ]
[ 2019-05-29T09:39:39+08:00 ][ sql ] [ SQL ] SELECT * FROM `information_schema`.`columns` WHERE TABLE_SCHEMA = 'robot' AND table_name = 'fa_guide' ORDER BY ORDINAL_POSITION [ RunTime:0.000922s ]
[ 2019-05-29T09:39:39+08:00 ][ info ] [ BEHAVIOR ] Run Closure @app_init [ RunTime:0.000137s ]
[ info ] [ LOG ] INIT File
[ 2019-05-29T09:39:39+08:00 ][ info ] [ CACHE ] INIT File
[ 2019-05-29T09:39:39+08:00 ][ info ] [ BEHAVIOR ] Run Closure @app_init [ RunTime:0.001390s ]
[ 2019-05-29T09:39:39+08:00 ][ info ] [ DB ] INIT mysql
[ 2019-05-29T09:39:39+08:00 ][ info ] [ DB ] INIT mysql
[ 2019-05-29T09:39:39+08:00 ][ info ] [ LANG ] /www/wwwroot/robot/application/admin/lang/zh-cn.php
[ 2019-05-29T09:39:39+08:00 ][ sql ] [ DB ] CONNECT:[ UseTime:0.000732s ] mysql:host=127.0.0.1;dbname=robot;charset=utf8
[ 2019-05-29T09:39:39+08:00 ][ sql ] [ SQL ] SHOW COLUMNS FROM `fa_auth_rule` [ RunTime:0.000815s ]
[ 2019-05-29T09:39:39+08:00 ][ sql ] [ SQL ] SELECT * FROM `fa_auth_rule` WHERE  `name` = 'guide' LIMIT 1 [ RunTime:0.000438s ]
[ 2019-05-29T09:39:39+08:00 ][ sql ] [ SQL ] SELECT `id` FROM `fa_auth_rule` WHERE  `name` = 'guide/index' LIMIT 1 [ RunTime:0.000560s ]
[ 2019-05-29T09:39:39+08:00 ][ sql ] [ SQL ] SELECT `id` FROM `fa_auth_rule` WHERE  `name` = 'guide/add' LIMIT 1 [ RunTime:0.000253s ]
[ 2019-05-29T09:39:39+08:00 ][ sql ] [ SQL ] SELECT `id` FROM `fa_auth_rule` WHERE  `name` = 'guide/edit' LIMIT 1 [ RunTime:0.000498s ]
[ 2019-05-29T09:39:39+08:00 ][ sql ] [ SQL ] SELECT `id` FROM `fa_auth_rule` WHERE  `name` = 'guide/del' LIMIT 1 [ RunTime:0.000437s ]
[ 2019-05-29T09:39:39+08:00 ][ sql ] [ SQL ] SELECT `id` FROM `fa_auth_rule` WHERE  `name` = 'guide/multi' LIMIT 1 [ RunTime:0.000404s ]
[ 2019-05-29T09:39:39+08:00 ][ sql ] [ SQL ] UPDATE `fa_auth_rule`  SET `pid`=115,`name`='guide/index',`icon`='fa fa-circle-o',`title`='查看',`ismenu`=0,`status`='normal',`updatetime`=1559093979  WHERE  `id` = 116 [ RunTime:0.000397s ]
[ 2019-05-29T09:39:39+08:00 ][ sql ] [ SQL ] UPDATE `fa_auth_rule`  SET `pid`=115,`name`='guide/add',`icon`='fa fa-circle-o',`title`='添加',`ismenu`=0,`status`='normal',`updatetime`=1559093979  WHERE  `id` = 117 [ RunTime:0.000259s ]
[ 2019-05-29T09:39:39+08:00 ][ sql ] [ SQL ] UPDATE `fa_auth_rule`  SET `pid`=115,`name`='guide/edit',`icon`='fa fa-circle-o',`title`='编辑',`ismenu`=0,`status`='normal',`updatetime`=1559093979  WHERE  `id` = 118 [ RunTime:0.000345s ]
[ 2019-05-29T09:39:39+08:00 ][ sql ] [ SQL ] UPDATE `fa_auth_rule`  SET `pid`=115,`name`='guide/del',`icon`='fa fa-circle-o',`title`='删除',`ismenu`=0,`status`='normal',`updatetime`=1559093979  WHERE  `id` = 119 [ RunTime:0.000428s ]
[ 2019-05-29T09:39:39+08:00 ][ sql ] [ SQL ] UPDATE `fa_auth_rule`  SET `pid`=115,`name`='guide/multi',`icon`='fa fa-circle-o',`title`='批量更新',`ismenu`=0,`status`='normal',`updatetime`=1559093979  WHERE  `id` = 120 [ RunTime:0.000329s ]
[ 2019-05-29T10:04:05+08:00 ][ info ] [ BEHAVIOR ] Run Closure @app_init [ RunTime:0.000187s ]
[ info ] [ LOG ] INIT File
[ 2019-05-29T10:04:05+08:00 ][ info ] [ CACHE ] INIT File
[ 2019-05-29T10:04:05+08:00 ][ info ] [ BEHAVIOR ] Run Closure @app_init [ RunTime:0.001570s ]
[ 2019-05-29T10:04:05+08:00 ][ info ] [ DB ] INIT mysql
[ 2019-05-29T10:04:05+08:00 ][ sql ] [ DB ] CONNECT:[ UseTime:0.000769s ] mysql:host=127.0.0.1;dbname=robot;charset=utf8
[ 2019-05-29T10:04:05+08:00 ][ sql ] [ SQL ] SHOW TABLE STATUS LIKE 'guide' [ RunTime:0.000717s ]
[ 2019-05-29T10:04:05+08:00 ][ sql ] [ SQL ] SHOW TABLE STATUS LIKE 'fa_guide' [ RunTime:0.000531s ]
[ 2019-05-29T10:04:05+08:00 ][ sql ] [ SQL ] SELECT * FROM `information_schema`.`columns` WHERE TABLE_SCHEMA = 'robot' AND table_name = 'fa_guide' ORDER BY ORDINAL_POSITION [ RunTime:0.001077s ]
[ 2019-05-29T10:04:05+08:00 ][ info ] [ BEHAVIOR ] Run Closure @app_init [ RunTime:0.000136s ]
[ info ] [ LOG ] INIT File
[ 2019-05-29T10:04:05+08:00 ][ info ] [ CACHE ] INIT File
[ 2019-05-29T10:04:05+08:00 ][ info ] [ BEHAVIOR ] Run Closure @app_init [ RunTime:0.000893s ]
[ 2019-05-29T10:04:05+08:00 ][ info ] [ DB ] INIT mysql
[ 2019-05-29T10:04:05+08:00 ][ info ] [ DB ] INIT mysql
[ 2019-05-29T10:04:05+08:00 ][ info ] [ LANG ] /www/wwwroot/robot/application/admin/lang/zh-cn.php
[ 2019-05-29T10:04:05+08:00 ][ sql ] [ DB ] CONNECT:[ UseTime:0.000670s ] mysql:host=127.0.0.1;dbname=robot;charset=utf8
[ 2019-05-29T10:04:05+08:00 ][ sql ] [ SQL ] SHOW COLUMNS FROM `fa_auth_rule` [ RunTime:0.000867s ]
[ 2019-05-29T10:04:05+08:00 ][ sql ] [ SQL ] SELECT * FROM `fa_auth_rule` WHERE  `name` = 'guide' LIMIT 1 [ RunTime:0.000378s ]
[ 2019-05-29T10:04:05+08:00 ][ sql ] [ SQL ] SELECT `id` FROM `fa_auth_rule` WHERE  `name` = 'guide/index' LIMIT 1 [ RunTime:0.000246s ]
[ 2019-05-29T10:04:05+08:00 ][ sql ] [ SQL ] SELECT `id` FROM `fa_auth_rule` WHERE  `name` = 'guide/add' LIMIT 1 [ RunTime:0.000199s ]
[ 2019-05-29T10:04:05+08:00 ][ sql ] [ SQL ] SELECT `id` FROM `fa_auth_rule` WHERE  `name` = 'guide/edit' LIMIT 1 [ RunTime:0.000242s ]
[ 2019-05-29T10:04:05+08:00 ][ sql ] [ SQL ] SELECT `id` FROM `fa_auth_rule` WHERE  `name` = 'guide/del' LIMIT 1 [ RunTime:0.000214s ]
[ 2019-05-29T10:04:05+08:00 ][ sql ] [ SQL ] SELECT `id` FROM `fa_auth_rule` WHERE  `name` = 'guide/multi' LIMIT 1 [ RunTime:0.000383s ]
[ 2019-05-29T10:04:05+08:00 ][ sql ] [ SQL ] UPDATE `fa_auth_rule`  SET `pid`=115,`name`='guide/index',`icon`='fa fa-circle-o',`title`='查看',`ismenu`=0,`status`='normal',`updatetime`=1559095445  WHERE  `id` = 116 [ RunTime:0.000357s ]
[ 2019-05-29T10:04:05+08:00 ][ sql ] [ SQL ] UPDATE `fa_auth_rule`  SET `pid`=115,`name`='guide/add',`icon`='fa fa-circle-o',`title`='添加',`ismenu`=0,`status`='normal',`updatetime`=1559095445  WHERE  `id` = 117 [ RunTime:0.000463s ]
[ 2019-05-29T10:04:05+08:00 ][ sql ] [ SQL ] UPDATE `fa_auth_rule`  SET `pid`=115,`name`='guide/edit',`icon`='fa fa-circle-o',`title`='编辑',`ismenu`=0,`status`='normal',`updatetime`=1559095445  WHERE  `id` = 118 [ RunTime:0.000439s ]
[ 2019-05-29T10:04:05+08:00 ][ sql ] [ SQL ] UPDATE `fa_auth_rule`  SET `pid`=115,`name`='guide/del',`icon`='fa fa-circle-o',`title`='删除',`ismenu`=0,`status`='normal',`updatetime`=1559095445  WHERE  `id` = 119 [ RunTime:0.000274s ]
[ 2019-05-29T10:04:05+08:00 ][ sql ] [ SQL ] UPDATE `fa_auth_rule`  SET `pid`=115,`name`='guide/multi',`icon`='fa fa-circle-o',`title`='批量更新',`ismenu`=0,`status`='normal',`updatetime`=1559095445  WHERE  `id` = 120 [ RunTime:0.000341s ]
